18:20:41 >> Pipeline\Result\RedirectResult route redirection to ''
18:20:45 >> App\Controllers\HomeController has been requested a response from 'login' action
18:20:45 >> Pipeline\Result\ViewResult responded with '200' : 'Pipeline\Result\ViewResult'
18:20:45 >> Pipeline\Result\JSONResult
18:20:46 >> Pipeline\Result\JSONResult
18:20:47 >> Pipeline\Result\JSONResult
18:20:47 >> App\Controllers\HomeController has been requested a response from 'resetRequest' action
18:20:47 >> Pipeline\Result\ViewResult responded with '200' : 'Pipeline\Result\ViewResult'
18:20:47 >> Pipeline\Result\JSONResult
18:20:48 >> Pipeline\Result\JSONResult
18:20:48 >> Pipeline\Result\JSONResult
18:20:49 >> Pipeline\Result\JSONResult
18:20:49 >> Pipeline\Result\JSONResult
18:20:50 >> Pipeline\Result\JSONResult
18:20:51 >> Pipeline\Result\JSONResult
18:20:51 >> App\Controllers\HomeController has been requested a response from 'login' action
18:20:51 >> Pipeline\Result\ViewResult responded with '200' : 'Pipeline\Result\ViewResult'
18:20:51 >> Pipeline\Result\JSONResult
18:20:52 >> Pipeline\Result\JSONResult
18:20:52 >> Pipeline\Result\JSONResult
18:20:53 >> Pipeline\Result\JSONResult
18:20:54 >> Pipeline\Result\JSONResult
18:20:54 >> Pipeline\Result\JSONResult
18:20:55 >> Pipeline\Result\JSONResult
18:20:55 >> Pipeline\Result\JSONResult
18:20:56 >> Pipeline\Result\JSONResult
18:20:56 >> Pipeline\Result\JSONResult
18:20:57 >> Pipeline\Result\JSONResult
18:20:57 >> Pipeline\Result\JSONResult
18:20:58 >> Pipeline\Result\JSONResult
18:20:58 >> Pipeline\Result\JSONResult
18:20:59 >> Pipeline\Result\JSONResult
18:20:59 >> Pipeline\Result\JSONResult
18:21:00 >> Pipeline\Result\JSONResult
18:21:01 >> Pipeline\Result\JSONResult
18:21:02 >> Pipeline\Result\JSONResult
18:21:03 >> Pipeline\Result\JSONResult
18:21:05 >> Pipeline\Result\JSONResult
18:21:05 >> Pipeline\Result\JSONResult
18:21:06 >> Pipeline\Result\JSONResult
18:21:07 >> Pipeline\Result\JSONResult
18:21:08 >> Pipeline\Result\JSONResult
18:21:09 >> Pipeline\Result\JSONResult
18:21:10 >> Pipeline\Result\JSONResult
18:21:11 >> Pipeline\Result\JSONResult
18:21:12 >> Pipeline\Result\JSONResult
18:21:13 >> Pipeline\Result\JSONResult
18:21:14 >> Pipeline\Result\JSONResult
18:21:15 >> Pipeline\Result\JSONResult
18:21:16 >> Pipeline\Result\JSONResult
18:21:17 >> Pipeline\Result\JSONResult
18:21:18 >> Pipeline\Result\JSONResult
18:21:19 >> Pipeline\Result\JSONResult
18:21:20 >> Pipeline\Result\JSONResult
18:21:21 >> Pipeline\Result\JSONResult
18:21:22 >> Pipeline\Result\JSONResult
18:21:23 >> Pipeline\Result\JSONResult
18:21:24 >> Pipeline\Result\JSONResult
18:21:25 >> Pipeline\Result\JSONResult
18:21:26 >> Pipeline\Result\JSONResult
18:21:27 >> Pipeline\Result\JSONResult
18:21:28 >> Pipeline\Result\JSONResult
18:21:29 >> Pipeline\Result\JSONResult
18:21:30 >> Pipeline\Result\JSONResult
18:21:31 >> Pipeline\Result\JSONResult
18:21:32 >> Pipeline\Result\JSONResult
18:21:33 >> Pipeline\Result\JSONResult
18:21:34 >> Pipeline\Result\JSONResult
18:21:35 >> Pipeline\Result\JSONResult
18:21:36 >> Pipeline\Result\JSONResult
18:21:37 >> Pipeline\Result\JSONResult
18:21:38 >> Pipeline\Result\JSONResult
18:21:39 >> Pipeline\Result\JSONResult
18:21:40 >> Pipeline\Result\JSONResult
18:21:41 >> Pipeline\Result\JSONResult
18:21:42 >> Pipeline\Result\JSONResult
18:21:43 >> Pipeline\Result\JSONResult
18:21:44 >> Pipeline\Result\JSONResult
18:21:45 >> Pipeline\Result\JSONResult
18:21:46 >> Pipeline\Result\JSONResult
18:21:47 >> Pipeline\Result\JSONResult
18:21:48 >> Pipeline\Result\JSONResult
18:21:49 >> Pipeline\Result\JSONResult
18:21:50 >> Pipeline\Result\JSONResult
18:21:51 >> Pipeline\Result\JSONResult
18:21:52 >> Pipeline\Result\JSONResult
18:21:53 >> Pipeline\Result\JSONResult
18:21:54 >> Pipeline\Result\JSONResult
18:21:55 >> Pipeline\Result\JSONResult
18:21:56 >> Pipeline\Result\JSONResult
18:21:57 >> Pipeline\Result\JSONResult
18:21:58 >> Pipeline\Result\JSONResult
18:21:59 >> Pipeline\Result\JSONResult
18:22:00 >> Pipeline\Result\JSONResult
18:22:01 >> Pipeline\Result\JSONResult
18:22:02 >> Pipeline\Result\JSONResult
18:22:03 >> Pipeline\Result\JSONResult
18:22:04 >> Pipeline\Result\JSONResult
18:22:05 >> Pipeline\Result\JSONResult
18:22:06 >> Pipeline\Result\JSONResult
18:22:07 >> Pipeline\Result\JSONResult
18:22:08 >> Pipeline\Result\JSONResult
18:22:09 >> Pipeline\Result\JSONResult
18:22:10 >> Pipeline\Result\JSONResult
18:22:11 >> Pipeline\Result\JSONResult
18:22:12 >> Pipeline\Result\JSONResult
18:22:13 >> Pipeline\Result\JSONResult
18:22:14 >> Pipeline\Result\JSONResult
18:22:15 >> Pipeline\Result\JSONResult
18:22:16 >> Pipeline\Result\JSONResult
18:22:17 >> Pipeline\Result\JSONResult
18:22:18 >> Pipeline\Result\JSONResult
18:22:19 >> Pipeline\Result\JSONResult
18:22:20 >> Pipeline\Result\JSONResult
18:22:21 >> Pipeline\Result\JSONResult
18:22:22 >> Pipeline\Result\JSONResult
18:22:23 >> Pipeline\Result\JSONResult
18:22:24 >> Pipeline\Result\JSONResult
18:22:25 >> Pipeline\Result\JSONResult
18:22:26 >> Pipeline\Result\JSONResult
18:22:27 >> Pipeline\Result\JSONResult
18:22:28 >> Pipeline\Result\JSONResult
18:22:29 >> Pipeline\Result\JSONResult
18:22:30 >> Pipeline\Result\JSONResult
18:22:31 >> Pipeline\Result\JSONResult
18:22:32 >> Pipeline\Result\JSONResult
18:22:33 >> Pipeline\Result\JSONResult
18:22:34 >> Pipeline\Result\JSONResult
18:22:35 >> Pipeline\Result\JSONResult
18:22:36 >> Pipeline\Result\JSONResult
18:22:37 >> Pipeline\Result\JSONResult
18:22:38 >> Pipeline\Result\JSONResult
18:22:39 >> Pipeline\Result\JSONResult
18:22:41 >> Pipeline\Result\JSONResult
18:22:42 >> Pipeline\Result\JSONResult
18:22:43 >> Pipeline\Result\JSONResult
18:22:44 >> Pipeline\Result\JSONResult
18:22:45 >> Pipeline\Result\JSONResult
18:22:46 >> Pipeline\Result\JSONResult
18:22:47 >> Pipeline\Result\JSONResult
18:22:48 >> Pipeline\Result\JSONResult
18:22:49 >> Pipeline\Result\JSONResult
18:22:50 >> Pipeline\Result\JSONResult
18:22:51 >> Pipeline\Result\JSONResult
18:22:52 >> Pipeline\Result\JSONResult
18:22:53 >> Pipeline\Result\JSONResult
18:22:54 >> Pipeline\Result\JSONResult
18:22:55 >> Pipeline\Result\JSONResult
18:22:56 >> Pipeline\Result\JSONResult
18:22:57 >> Pipeline\Result\JSONResult
18:22:58 >> Pipeline\Result\JSONResult
18:22:59 >> Pipeline\Result\JSONResult
18:23:00 >> Pipeline\Result\JSONResult
18:23:01 >> Pipeline\Result\JSONResult
18:23:02 >> Pipeline\Result\JSONResult
18:23:03 >> Pipeline\Result\JSONResult
18:23:04 >> Pipeline\Result\JSONResult
18:23:05 >> Pipeline\Result\JSONResult
18:23:06 >> Pipeline\Result\JSONResult
18:23:07 >> Pipeline\Result\JSONResult
18:23:08 >> Pipeline\Result\JSONResult
18:23:09 >> Pipeline\Result\JSONResult
18:23:10 >> Pipeline\Result\JSONResult
18:23:11 >> Pipeline\Result\JSONResult
18:23:12 >> Pipeline\Result\JSONResult
18:23:13 >> Pipeline\Result\JSONResult
18:23:14 >> Pipeline\Result\JSONResult
18:23:15 >> Pipeline\Result\JSONResult
18:23:16 >> Pipeline\Result\JSONResult
18:23:17 >> Pipeline\Result\JSONResult
18:23:18 >> Pipeline\Result\JSONResult
18:23:19 >> Pipeline\Result\JSONResult
18:23:20 >> Pipeline\Result\JSONResult
18:23:21 >> Pipeline\Result\JSONResult
18:23:22 >> Pipeline\Result\JSONResult
18:23:23 >> Pipeline\Result\JSONResult
18:23:24 >> Pipeline\Result\JSONResult
18:23:25 >> Pipeline\Result\JSONResult
18:23:26 >> Pipeline\Result\JSONResult
18:23:27 >> Pipeline\Result\JSONResult
18:23:28 >> Pipeline\Result\JSONResult
18:23:29 >> Pipeline\Result\JSONResult
18:23:30 >> Pipeline\Result\JSONResult
18:23:31 >> Pipeline\Result\JSONResult
18:23:32 >> Pipeline\Result\JSONResult
18:23:33 >> Pipeline\Result\JSONResult
18:23:34 >> Pipeline\Result\JSONResult
18:23:35 >> Pipeline\Result\JSONResult
18:23:36 >> Pipeline\Result\JSONResult
18:23:37 >> Pipeline\Result\JSONResult
18:23:38 >> Pipeline\Result\JSONResult
18:23:39 >> Pipeline\Result\JSONResult
18:23:40 >> Pipeline\Result\JSONResult
18:23:41 >> Pipeline\Result\JSONResult
18:23:42 >> Pipeline\Result\JSONResult
18:23:43 >> Pipeline\Result\JSONResult
18:23:44 >> Pipeline\Result\JSONResult
18:23:45 >> Pipeline\Result\JSONResult
18:23:46 >> Pipeline\Result\JSONResult
18:23:47 >> Pipeline\Result\JSONResult
18:23:48 >> Pipeline\Result\JSONResult
18:23:49 >> Pipeline\Result\JSONResult
18:23:50 >> Pipeline\Result\JSONResult
18:23:51 >> Pipeline\Result\JSONResult
18:23:52 >> Pipeline\Result\JSONResult
18:23:53 >> Pipeline\Result\JSONResult
18:23:54 >> Pipeline\Result\JSONResult
18:23:55 >> Pipeline\Result\JSONResult
18:23:56 >> Pipeline\Result\JSONResult
18:23:57 >> Pipeline\Result\JSONResult
18:23:58 >> Pipeline\Result\JSONResult
18:23:59 >> Pipeline\Result\JSONResult
18:24:00 >> Pipeline\Result\JSONResult
18:24:01 >> Pipeline\Result\JSONResult
18:24:02 >> Pipeline\Result\JSONResult
18:24:03 >> Pipeline\Result\JSONResult
18:24:04 >> Pipeline\Result\JSONResult
18:24:05 >> Pipeline\Result\JSONResult
18:24:06 >> Pipeline\Result\JSONResult
18:24:07 >> Pipeline\Result\JSONResult
18:24:08 >> Pipeline\Result\JSONResult
18:24:09 >> Pipeline\Result\JSONResult
18:24:10 >> Pipeline\Result\JSONResult
18:24:11 >> Pipeline\Result\JSONResult
18:24:12 >> Pipeline\Result\JSONResult
18:24:13 >> Pipeline\Result\JSONResult
18:24:14 >> Pipeline\Result\JSONResult
18:24:15 >> Pipeline\Result\JSONResult
18:24:16 >> Pipeline\Result\JSONResult
18:24:17 >> Pipeline\Result\JSONResult
18:24:18 >> Pipeline\Result\JSONResult
18:24:19 >> Pipeline\Result\JSONResult
18:24:20 >> Pipeline\Result\JSONResult
18:24:21 >> Pipeline\Result\JSONResult
18:24:22 >> Pipeline\Result\JSONResult
18:24:23 >> Pipeline\Result\JSONResult
18:24:24 >> Pipeline\Result\JSONResult
18:24:25 >> Pipeline\Result\JSONResult
18:24:26 >> Pipeline\Result\JSONResult
18:24:27 >> Pipeline\Result\JSONResult
18:24:28 >> Pipeline\Result\JSONResult
18:24:29 >> Pipeline\Result\JSONResult
18:24:30 >> Pipeline\Result\JSONResult
18:24:31 >> Pipeline\Result\JSONResult
18:24:32 >> Pipeline\Result\JSONResult
18:24:33 >> Pipeline\Result\JSONResult
18:24:34 >> Pipeline\Result\JSONResult
18:24:35 >> Pipeline\Result\JSONResult
18:24:36 >> Pipeline\Result\JSONResult
18:24:37 >> Pipeline\Result\JSONResult
18:24:38 >> Pipeline\Result\JSONResult
18:24:39 >> Pipeline\Result\JSONResult
18:24:40 >> Pipeline\Result\JSONResult
18:24:41 >> Pipeline\Result\JSONResult
18:24:42 >> Pipeline\Result\JSONResult
18:24:43 >> Pipeline\Result\JSONResult
18:24:44 >> Pipeline\Result\JSONResult
18:24:45 >> Pipeline\Result\JSONResult
18:24:46 >> Pipeline\Result\JSONResult
18:24:47 >> Pipeline\Result\JSONResult
18:24:48 >> Pipeline\Result\JSONResult
18:24:49 >> Pipeline\Result\JSONResult
18:24:50 >> Pipeline\Result\JSONResult
18:24:51 >> Pipeline\Result\JSONResult
18:24:52 >> Pipeline\Result\JSONResult
18:24:53 >> Pipeline\Result\JSONResult
18:24:54 >> Pipeline\Result\JSONResult
18:24:55 >> Pipeline\Result\JSONResult
18:24:56 >> Pipeline\Result\JSONResult
18:24:57 >> Pipeline\Result\JSONResult
18:24:58 >> Pipeline\Result\JSONResult
18:24:59 >> Pipeline\Result\JSONResult
18:25:00 >> Pipeline\Result\JSONResult
18:25:01 >> Pipeline\Result\JSONResult
18:25:02 >> Pipeline\Result\JSONResult
18:25:03 >> Pipeline\Result\JSONResult
18:25:04 >> Pipeline\Result\JSONResult
18:25:05 >> Pipeline\Result\JSONResult
18:25:06 >> Pipeline\Result\JSONResult
18:25:07 >> Pipeline\Result\JSONResult
18:25:08 >> Pipeline\Result\JSONResult
18:25:09 >> Pipeline\Result\JSONResult
18:25:10 >> Pipeline\Result\JSONResult
18:25:11 >> Pipeline\Result\JSONResult
18:25:12 >> Pipeline\Result\JSONResult
18:25:13 >> Pipeline\Result\JSONResult
18:25:14 >> Pipeline\Result\JSONResult
18:25:15 >> Pipeline\Result\JSONResult
18:25:16 >> Pipeline\Result\JSONResult
18:25:17 >> Pipeline\Result\JSONResult
18:25:18 >> Pipeline\Result\JSONResult
18:25:19 >> Pipeline\Result\JSONResult
18:25:20 >> Pipeline\Result\JSONResult
18:25:21 >> Pipeline\Result\JSONResult
18:25:22 >> Pipeline\Result\JSONResult
18:25:23 >> Pipeline\Result\JSONResult
18:25:24 >> Pipeline\Result\JSONResult
18:25:25 >> Pipeline\Result\JSONResult
18:25:26 >> Pipeline\Result\JSONResult
18:25:27 >> Pipeline\Result\JSONResult
18:25:28 >> Pipeline\Result\JSONResult
18:25:29 >> Pipeline\Result\JSONResult
18:25:30 >> Pipeline\Result\JSONResult
18:25:31 >> Pipeline\Result\JSONResult
18:25:32 >> Pipeline\Result\JSONResult
18:25:33 >> Pipeline\Result\JSONResult
18:25:34 >> Pipeline\Result\JSONResult
18:25:35 >> Pipeline\Result\JSONResult
18:25:36 >> Pipeline\Result\JSONResult
18:25:37 >> Pipeline\Result\JSONResult
18:25:38 >> Pipeline\Result\JSONResult
18:25:39 >> Pipeline\Result\JSONResult
18:25:40 >> Pipeline\Result\JSONResult
18:25:41 >> Pipeline\Result\JSONResult
18:25:42 >> Pipeline\Result\JSONResult
18:25:43 >> Pipeline\Result\JSONResult
18:25:44 >> Pipeline\Result\JSONResult
18:25:45 >> Pipeline\Result\JSONResult
18:25:46 >> Pipeline\Result\JSONResult
18:25:47 >> Pipeline\Result\JSONResult
18:25:48 >> Pipeline\Result\JSONResult
18:25:49 >> Pipeline\Result\JSONResult
18:25:50 >> Pipeline\Result\JSONResult
18:25:52 >> Pipeline\Result\JSONResult
18:25:52 >> Pipeline\Result\JSONResult
18:25:53 >> Pipeline\Result\JSONResult
18:25:54 >> Pipeline\Result\JSONResult
18:25:55 >> Pipeline\Result\JSONResult
18:25:56 >> Pipeline\Result\JSONResult
18:25:57 >> Pipeline\Result\JSONResult
18:25:58 >> Pipeline\Result\JSONResult
18:25:59 >> Pipeline\Result\JSONResult
18:26:00 >> Pipeline\Result\JSONResult
18:26:01 >> Pipeline\Result\JSONResult
18:26:02 >> Pipeline\Result\JSONResult
18:26:03 >> Pipeline\Result\JSONResult
18:26:04 >> Pipeline\Result\JSONResult
18:26:05 >> Pipeline\Result\JSONResult
18:26:06 >> Pipeline\Result\JSONResult
18:26:07 >> Pipeline\Result\JSONResult
18:26:08 >> Pipeline\Result\JSONResult
18:26:09 >> Pipeline\Result\JSONResult
18:26:10 >> Pipeline\Result\JSONResult
18:26:11 >> Pipeline\Result\JSONResult
18:26:12 >> Pipeline\Result\JSONResult
18:26:13 >> Pipeline\Result\JSONResult
18:26:14 >> Pipeline\Result\JSONResult
18:26:15 >> Pipeline\Result\JSONResult
18:26:16 >> Pipeline\Result\JSONResult
18:26:17 >> Pipeline\Result\JSONResult
18:26:18 >> Pipeline\Result\JSONResult
18:26:19 >> Pipeline\Result\JSONResult
18:26:20 >> Pipeline\Result\JSONResult
18:26:21 >> Pipeline\Result\JSONResult
18:26:22 >> Pipeline\Result\JSONResult
18:26:23 >> Pipeline\Result\JSONResult
18:26:24 >> Pipeline\Result\JSONResult
18:26:25 >> Pipeline\Result\JSONResult
18:26:26 >> Pipeline\Result\JSONResult
18:26:27 >> Pipeline\Result\JSONResult
18:26:28 >> Pipeline\Result\JSONResult
18:26:29 >> Pipeline\Result\JSONResult
18:26:30 >> Pipeline\Result\JSONResult
18:26:31 >> Pipeline\Result\JSONResult
18:26:32 >> Pipeline\Result\JSONResult
18:26:33 >> Pipeline\Result\JSONResult
18:26:34 >> Pipeline\Result\JSONResult
18:26:35 >> Pipeline\Result\JSONResult
18:26:36 >> Pipeline\Result\JSONResult
18:26:37 >> Pipeline\Result\JSONResult
18:26:38 >> Pipeline\Result\JSONResult
18:26:39 >> Pipeline\Result\JSONResult
18:26:40 >> Pipeline\Result\JSONResult
18:26:41 >> Pipeline\Result\JSONResult
18:26:42 >> Pipeline\Result\JSONResult
18:26:43 >> Pipeline\Result\JSONResult
18:26:44 >> Pipeline\Result\JSONResult
18:26:45 >> Pipeline\Result\JSONResult
18:26:46 >> Pipeline\Result\JSONResult
18:26:47 >> Pipeline\Result\JSONResult
18:26:48 >> Pipeline\Result\JSONResult
18:26:49 >> Pipeline\Result\JSONResult
18:26:50 >> Pipeline\Result\JSONResult
18:26:51 >> Pipeline\Result\JSONResult
18:26:52 >> Pipeline\Result\JSONResult
18:26:53 >> Pipeline\Result\JSONResult
18:26:54 >> Pipeline\Result\JSONResult
18:26:55 >> Pipeline\Result\JSONResult
18:26:56 >> Pipeline\Result\JSONResult
18:26:57 >> Pipeline\Result\JSONResult
18:26:58 >> Pipeline\Result\JSONResult
18:26:59 >> Pipeline\Result\JSONResult
18:27:00 >> Pipeline\Result\JSONResult
18:27:01 >> Pipeline\Result\JSONResult
18:27:02 >> Pipeline\Result\JSONResult
18:27:03 >> Pipeline\Result\JSONResult
18:27:04 >> Pipeline\Result\JSONResult
18:27:05 >> Pipeline\Result\JSONResult
18:27:06 >> Pipeline\Result\JSONResult
18:27:07 >> Pipeline\Result\JSONResult
18:27:08 >> Pipeline\Result\JSONResult
18:27:09 >> Pipeline\Result\JSONResult
18:27:10 >> Pipeline\Result\JSONResult
18:27:11 >> Pipeline\Result\JSONResult
18:27:12 >> Pipeline\Result\JSONResult
18:27:13 >> Pipeline\Result\JSONResult
18:27:14 >> Pipeline\Result\JSONResult
18:27:15 >> Pipeline\Result\JSONResult
18:27:16 >> Pipeline\Result\JSONResult
18:27:17 >> Pipeline\Result\JSONResult
18:27:18 >> Pipeline\Result\JSONResult
18:27:19 >> Pipeline\Result\JSONResult
18:27:20 >> Pipeline\Result\JSONResult
18:27:21 >> Pipeline\Result\JSONResult
18:27:22 >> Pipeline\Result\JSONResult
18:27:23 >> Pipeline\Result\JSONResult
18:27:24 >> Pipeline\Result\JSONResult
18:27:25 >> Pipeline\Result\JSONResult
18:27:26 >> Pipeline\Result\JSONResult
18:27:27 >> Pipeline\Result\JSONResult
18:27:28 >> Pipeline\Result\JSONResult
18:27:29 >> Pipeline\Result\JSONResult
18:27:30 >> Pipeline\Result\JSONResult
18:27:32 >> Pipeline\Result\JSONResult
18:27:32 >> Pipeline\Result\JSONResult
18:27:33 >> Pipeline\Result\JSONResult
18:27:34 >> Pipeline\Result\JSONResult
18:27:35 >> Pipeline\Result\JSONResult
18:27:36 >> Pipeline\Result\JSONResult
18:27:37 >> Pipeline\Result\JSONResult
18:27:38 >> Pipeline\Result\JSONResult
18:27:39 >> Pipeline\Result\JSONResult
18:27:40 >> Pipeline\Result\JSONResult
18:27:41 >> Pipeline\Result\JSONResult
18:27:42 >> Pipeline\Result\JSONResult
18:27:43 >> Pipeline\Result\JSONResult
18:27:44 >> Pipeline\Result\JSONResult
18:27:45 >> Pipeline\Result\JSONResult
18:27:46 >> Pipeline\Result\JSONResult
18:27:47 >> Pipeline\Result\JSONResult
18:27:48 >> Pipeline\Result\JSONResult
18:27:49 >> Pipeline\Result\JSONResult
18:27:50 >> Pipeline\Result\JSONResult
18:27:51 >> Pipeline\Result\JSONResult
18:27:52 >> Pipeline\Result\JSONResult
18:27:53 >> Pipeline\Result\JSONResult
18:27:54 >> Pipeline\Result\JSONResult
18:27:55 >> Pipeline\Result\JSONResult
18:27:56 >> Pipeline\Result\JSONResult
18:27:57 >> Pipeline\Result\JSONResult
18:27:58 >> Pipeline\Result\JSONResult
18:27:59 >> Pipeline\Result\JSONResult
18:28:00 >> Pipeline\Result\JSONResult
18:28:01 >> Pipeline\Result\JSONResult
18:28:02 >> Pipeline\Result\JSONResult
18:28:03 >> Pipeline\Result\JSONResult
18:28:04 >> Pipeline\Result\JSONResult
18:28:05 >> Pipeline\Result\JSONResult
18:28:06 >> Pipeline\Result\JSONResult
18:28:07 >> Pipeline\Result\JSONResult
18:28:08 >> Pipeline\Result\JSONResult
18:28:09 >> Pipeline\Result\JSONResult
18:28:10 >> Pipeline\Result\JSONResult
18:28:11 >> Pipeline\Result\JSONResult
18:28:12 >> Pipeline\Result\JSONResult
18:28:13 >> Pipeline\Result\JSONResult
18:28:14 >> Pipeline\Result\JSONResult
18:28:15 >> Pipeline\Result\JSONResult
18:28:16 >> Pipeline\Result\JSONResult
18:28:17 >> Pipeline\Result\JSONResult
18:28:18 >> Pipeline\Result\JSONResult
18:28:19 >> Pipeline\Result\JSONResult
18:28:20 >> Pipeline\Result\JSONResult
18:28:21 >> Pipeline\Result\JSONResult
18:28:22 >> Pipeline\Result\JSONResult
18:28:23 >> Pipeline\Result\JSONResult
18:28:24 >> Pipeline\Result\JSONResult
18:28:25 >> Pipeline\Result\JSONResult
18:28:26 >> Pipeline\Result\JSONResult
18:28:27 >> Pipeline\Result\JSONResult
18:28:28 >> Pipeline\Result\JSONResult
18:28:29 >> Pipeline\Result\JSONResult
18:28:30 >> Pipeline\Result\JSONResult
18:28:31 >> Pipeline\Result\JSONResult
18:28:32 >> Pipeline\Result\JSONResult
18:28:33 >> Pipeline\Result\JSONResult
18:28:34 >> Pipeline\Result\JSONResult
18:28:35 >> Pipeline\Result\JSONResult
18:28:36 >> Pipeline\Result\JSONResult
18:28:37 >> Pipeline\Result\JSONResult
18:28:38 >> Pipeline\Result\JSONResult
18:28:39 >> Pipeline\Result\JSONResult
18:28:40 >> Pipeline\Result\JSONResult
18:28:41 >> Pipeline\Result\JSONResult
18:28:42 >> Pipeline\Result\JSONResult
18:28:43 >> Pipeline\Result\JSONResult
18:28:44 >> Pipeline\Result\JSONResult
18:28:45 >> Pipeline\Result\JSONResult
18:28:46 >> Pipeline\Result\JSONResult
18:28:47 >> Pipeline\Result\JSONResult
18:28:48 >> Pipeline\Result\JSONResult
18:28:49 >> Pipeline\Result\JSONResult
18:28:50 >> Pipeline\Result\JSONResult
18:28:51 >> Pipeline\Result\JSONResult
18:28:52 >> Pipeline\Result\JSONResult
18:28:53 >> Pipeline\Result\JSONResult
18:28:54 >> Pipeline\Result\JSONResult
18:28:55 >> Pipeline\Result\JSONResult
18:28:56 >> Pipeline\Result\JSONResult
18:28:57 >> Pipeline\Result\JSONResult
18:28:58 >> Pipeline\Result\JSONResult
18:28:59 >> Pipeline\Result\JSONResult
18:29:00 >> Pipeline\Result\JSONResult
18:29:01 >> Pipeline\Result\JSONResult
18:29:02 >> Pipeline\Result\JSONResult
18:29:03 >> Pipeline\Result\JSONResult
18:29:04 >> Pipeline\Result\JSONResult
18:29:05 >> Pipeline\Result\JSONResult
18:29:06 >> Pipeline\Result\JSONResult
18:29:07 >> Pipeline\Result\JSONResult
18:29:08 >> Pipeline\Result\JSONResult
18:29:09 >> Pipeline\Result\JSONResult
18:29:10 >> Pipeline\Result\JSONResult
18:29:11 >> Pipeline\Result\JSONResult
18:29:12 >> Pipeline\Result\JSONResult
18:29:13 >> Pipeline\Result\JSONResult
18:29:14 >> Pipeline\Result\JSONResult
18:29:15 >> Pipeline\Result\JSONResult
18:29:16 >> Pipeline\Result\JSONResult
18:29:17 >> Pipeline\Result\JSONResult
18:29:18 >> Pipeline\Result\JSONResult
18:29:19 >> Pipeline\Result\JSONResult
18:29:20 >> Pipeline\Result\JSONResult
18:29:21 >> Pipeline\Result\JSONResult
18:29:22 >> Pipeline\Result\JSONResult
18:29:23 >> Pipeline\Result\JSONResult
18:29:24 >> Pipeline\Result\JSONResult
18:29:25 >> Pipeline\Result\JSONResult
18:29:26 >> Pipeline\Result\JSONResult
18:29:27 >> Pipeline\Result\JSONResult
18:29:28 >> Pipeline\Result\JSONResult
18:29:29 >> Pipeline\Result\JSONResult
18:29:30 >> Pipeline\Result\JSONResult
18:29:31 >> Pipeline\Result\JSONResult
18:29:32 >> Pipeline\Result\JSONResult
18:29:33 >> Pipeline\Result\JSONResult
18:29:34 >> Pipeline\Result\JSONResult
18:29:35 >> Pipeline\Result\JSONResult
18:29:36 >> Pipeline\Result\JSONResult
18:29:37 >> Pipeline\Result\JSONResult
18:29:38 >> Pipeline\Result\JSONResult
18:29:39 >> Pipeline\Result\JSONResult
18:29:40 >> Pipeline\Result\JSONResult
18:29:41 >> Pipeline\Result\JSONResult
18:29:42 >> Pipeline\Result\JSONResult
18:29:43 >> Pipeline\Result\JSONResult
18:29:44 >> Pipeline\Result\JSONResult
18:29:45 >> Pipeline\Result\JSONResult
18:29:46 >> Pipeline\Result\JSONResult
18:29:47 >> Pipeline\Result\JSONResult
18:29:48 >> Pipeline\Result\JSONResult
18:29:49 >> Pipeline\Result\JSONResult
18:29:50 >> Pipeline\Result\JSONResult
18:29:51 >> Pipeline\Result\JSONResult
18:29:52 >> Pipeline\Result\JSONResult
18:29:53 >> Pipeline\Result\JSONResult
18:29:54 >> Pipeline\Result\JSONResult
18:29:55 >> Pipeline\Result\JSONResult
18:29:56 >> Pipeline\Result\JSONResult
18:29:57 >> Pipeline\Result\JSONResult
18:29:58 >> Pipeline\Result\JSONResult
18:29:59 >> Pipeline\Result\JSONResult
18:30:00 >> Pipeline\Result\JSONResult
18:30:01 >> Pipeline\Result\JSONResult
18:30:02 >> Pipeline\Result\JSONResult
18:30:03 >> Pipeline\Result\JSONResult
18:30:04 >> Pipeline\Result\JSONResult
18:30:05 >> Pipeline\Result\JSONResult
18:30:06 >> Pipeline\Result\JSONResult
18:30:07 >> Pipeline\Result\JSONResult
18:30:08 >> Pipeline\Result\JSONResult
18:30:09 >> Pipeline\Result\JSONResult
18:30:10 >> Pipeline\Result\JSONResult
18:30:11 >> Pipeline\Result\JSONResult
18:30:12 >> Pipeline\Result\JSONResult
18:30:13 >> Pipeline\Result\JSONResult
18:30:14 >> Pipeline\Result\JSONResult
18:30:15 >> Pipeline\Result\JSONResult
18:30:16 >> Pipeline\Result\JSONResult
18:30:17 >> Pipeline\Result\JSONResult
18:30:18 >> Pipeline\Result\JSONResult
18:30:19 >> Pipeline\Result\JSONResult
18:30:20 >> Pipeline\Result\JSONResult
18:30:21 >> Pipeline\Result\JSONResult
18:30:22 >> Pipeline\Result\JSONResult
18:30:23 >> Pipeline\Result\JSONResult
18:30:24 >> Pipeline\Result\JSONResult
18:30:26 >> Pipeline\Result\JSONResult
18:30:26 >> Pipeline\Result\JSONResult
18:30:27 >> Pipeline\Result\JSONResult
18:30:28 >> Pipeline\Result\JSONResult
18:30:29 >> Pipeline\Result\JSONResult
18:30:30 >> Pipeline\Result\JSONResult
18:30:31 >> Pipeline\Result\JSONResult
18:30:32 >> Pipeline\Result\JSONResult
18:30:33 >> Pipeline\Result\JSONResult
18:30:34 >> Pipeline\Result\JSONResult
18:30:35 >> Pipeline\Result\JSONResult
18:30:36 >> Pipeline\Result\JSONResult
18:30:37 >> Pipeline\Result\JSONResult
18:30:38 >> Pipeline\Result\JSONResult
18:30:39 >> Pipeline\Result\JSONResult
18:30:40 >> Pipeline\Result\JSONResult
18:30:41 >> Pipeline\Result\JSONResult
18:30:42 >> Pipeline\Result\JSONResult
18:30:43 >> Pipeline\Result\JSONResult
18:30:44 >> Pipeline\Result\JSONResult
18:30:45 >> Pipeline\Result\JSONResult
18:30:46 >> Pipeline\Result\JSONResult
18:30:47 >> Pipeline\Result\JSONResult
18:30:48 >> Pipeline\Result\JSONResult
18:30:49 >> Pipeline\Result\JSONResult
18:30:50 >> Pipeline\Result\JSONResult
18:30:51 >> Pipeline\Result\JSONResult
18:30:52 >> Pipeline\Result\JSONResult
18:30:53 >> Pipeline\Result\JSONResult
18:30:54 >> Pipeline\Result\JSONResult
18:30:55 >> Pipeline\Result\JSONResult
18:30:56 >> Pipeline\Result\JSONResult
18:30:57 >> Pipeline\Result\JSONResult
18:30:58 >> Pipeline\Result\JSONResult
18:30:59 >> Pipeline\Result\JSONResult
18:31:00 >> Pipeline\Result\JSONResult
18:31:01 >> Pipeline\Result\JSONResult
18:31:02 >> Pipeline\Result\JSONResult
18:31:03 >> Pipeline\Result\JSONResult
18:31:04 >> Pipeline\Result\JSONResult
18:31:05 >> Pipeline\Result\JSONResult
18:31:06 >> Pipeline\Result\JSONResult
18:31:07 >> Pipeline\Result\JSONResult
18:31:08 >> Pipeline\Result\JSONResult
18:31:09 >> Pipeline\Result\JSONResult
18:31:10 >> Pipeline\Result\JSONResult
18:31:11 >> Pipeline\Result\JSONResult
18:31:12 >> Pipeline\Result\JSONResult
18:31:13 >> Pipeline\Result\JSONResult
18:31:14 >> Pipeline\Result\JSONResult
18:31:15 >> Pipeline\Result\JSONResult
18:31:16 >> Pipeline\Result\JSONResult
18:31:17 >> Pipeline\Result\JSONResult
18:31:18 >> Pipeline\Result\JSONResult
18:31:19 >> Pipeline\Result\JSONResult
18:31:20 >> Pipeline\Result\JSONResult
18:31:21 >> Pipeline\Result\JSONResult
18:31:22 >> Pipeline\Result\JSONResult
18:31:23 >> Pipeline\Result\JSONResult
18:31:24 >> Pipeline\Result\JSONResult
18:31:25 >> Pipeline\Result\JSONResult
18:31:26 >> Pipeline\Result\JSONResult
18:31:28 >> Pipeline\Result\JSONResult
18:31:28 >> Pipeline\Result\JSONResult
18:31:29 >> Pipeline\Result\JSONResult
18:31:30 >> Pipeline\Result\JSONResult
18:31:32 >> Pipeline\Result\JSONResult
18:31:32 >> Pipeline\Result\JSONResult
18:31:33 >> Pipeline\Result\JSONResult
18:31:34 >> Pipeline\Result\JSONResult
18:31:35 >> Pipeline\Result\JSONResult
18:31:36 >> Pipeline\Result\JSONResult
18:31:37 >> Pipeline\Result\JSONResult
18:31:38 >> Pipeline\Result\JSONResult
18:31:39 >> Pipeline\Result\JSONResult
18:31:40 >> Pipeline\Result\JSONResult
18:31:41 >> Pipeline\Result\JSONResult
18:31:42 >> Pipeline\Result\JSONResult
18:31:43 >> Pipeline\Result\JSONResult
18:31:44 >> Pipeline\Result\JSONResult
18:31:45 >> Pipeline\Result\JSONResult
18:31:46 >> Pipeline\Result\JSONResult
18:31:47 >> Pipeline\Result\JSONResult
18:31:48 >> Pipeline\Result\JSONResult
18:31:49 >> Pipeline\Result\JSONResult
18:31:50 >> Pipeline\Result\JSONResult
18:31:51 >> Pipeline\Result\JSONResult
18:31:52 >> Pipeline\Result\JSONResult
18:31:53 >> Pipeline\Result\JSONResult
18:31:55 >> Pipeline\Result\JSONResult
18:31:55 >> Pipeline\Result\JSONResult
18:31:56 >> Pipeline\Result\JSONResult
18:31:57 >> Pipeline\Result\JSONResult
18:31:58 >> Pipeline\Result\JSONResult
18:31:59 >> Pipeline\Result\JSONResult
18:32:00 >> Pipeline\Result\JSONResult
18:32:01 >> Pipeline\Result\JSONResult
18:32:03 >> Pipeline\Result\JSONResult
18:32:03 >> Pipeline\Result\JSONResult
18:32:04 >> Pipeline\Result\JSONResult
18:32:05 >> Pipeline\Result\JSONResult
18:32:06 >> Pipeline\Result\JSONResult
18:32:07 >> Pipeline\Result\JSONResult
18:32:08 >> Pipeline\Result\JSONResult
18:32:09 >> Pipeline\Result\JSONResult
18:32:10 >> Pipeline\Result\JSONResult
18:32:11 >> Pipeline\Result\JSONResult
18:32:12 >> Pipeline\Result\JSONResult
18:32:13 >> Pipeline\Result\JSONResult
18:32:14 >> Pipeline\Result\JSONResult
18:32:15 >> Pipeline\Result\JSONResult
18:32:16 >> Pipeline\Result\JSONResult
18:32:17 >> Pipeline\Result\JSONResult
18:32:18 >> Pipeline\Result\JSONResult
18:32:19 >> Pipeline\Result\JSONResult
18:32:20 >> Pipeline\Result\JSONResult
18:32:21 >> Pipeline\Result\JSONResult
18:32:22 >> Pipeline\Result\JSONResult
18:32:23 >> Pipeline\Result\JSONResult
18:32:24 >> Pipeline\Result\JSONResult
18:32:25 >> Pipeline\Result\JSONResult
18:32:26 >> Pipeline\Result\JSONResult
18:32:27 >> Pipeline\Result\JSONResult
18:32:28 >> Pipeline\Result\JSONResult
18:32:29 >> Pipeline\Result\JSONResult
18:32:30 >> Pipeline\Result\JSONResult
18:32:31 >> Pipeline\Result\JSONResult
18:32:32 >> Pipeline\Result\JSONResult
18:32:33 >> Pipeline\Result\JSONResult
18:32:34 >> Pipeline\Result\JSONResult
18:32:35 >> Pipeline\Result\JSONResult
18:32:36 >> Pipeline\Result\JSONResult
18:32:37 >> Pipeline\Result\JSONResult
18:32:38 >> Pipeline\Result\JSONResult
18:32:39 >> Pipeline\Result\JSONResult
18:32:40 >> Pipeline\Result\JSONResult
18:32:41 >> Pipeline\Result\JSONResult
18:32:42 >> Pipeline\Result\JSONResult
18:32:43 >> Pipeline\Result\JSONResult
18:32:44 >> Pipeline\Result\JSONResult
18:32:45 >> Pipeline\Result\JSONResult
18:32:46 >> Pipeline\Result\JSONResult
18:32:47 >> Pipeline\Result\JSONResult
18:32:48 >> Pipeline\Result\JSONResult
18:32:49 >> Pipeline\Result\JSONResult
18:32:50 >> Pipeline\Result\JSONResult
18:32:51 >> Pipeline\Result\JSONResult
18:32:52 >> Pipeline\Result\JSONResult
18:32:53 >> Pipeline\Result\JSONResult
18:32:54 >> Pipeline\Result\JSONResult
18:32:55 >> Pipeline\Result\JSONResult
18:32:56 >> Pipeline\Result\JSONResult
18:32:57 >> Pipeline\Result\JSONResult
18:32:58 >> Pipeline\Result\JSONResult
18:32:59 >> Pipeline\Result\JSONResult
18:33:00 >> Pipeline\Result\JSONResult
18:33:01 >> Pipeline\Result\JSONResult
18:33:02 >> Pipeline\Result\JSONResult
18:33:03 >> Pipeline\Result\JSONResult
18:33:04 >> Pipeline\Result\JSONResult
18:33:05 >> Pipeline\Result\JSONResult
18:33:06 >> Pipeline\Result\JSONResult
18:33:07 >> Pipeline\Result\JSONResult
18:33:08 >> Pipeline\Result\JSONResult
18:33:09 >> Pipeline\Result\JSONResult
18:33:10 >> Pipeline\Result\JSONResult
18:33:11 >> Pipeline\Result\JSONResult
18:33:12 >> Pipeline\Result\JSONResult
18:33:13 >> Pipeline\Result\JSONResult
18:33:14 >> Pipeline\Result\JSONResult
18:33:15 >> Pipeline\Result\JSONResult
18:33:16 >> Pipeline\Result\JSONResult
18:33:17 >> Pipeline\Result\JSONResult
18:33:19 >> Pipeline\Result\JSONResult
18:33:19 >> Pipeline\Result\JSONResult
18:33:20 >> Pipeline\Result\JSONResult
18:33:21 >> Pipeline\Result\JSONResult
18:33:22 >> Pipeline\Result\JSONResult
18:33:23 >> Pipeline\Result\JSONResult
18:33:24 >> Pipeline\Result\JSONResult
18:33:25 >> Pipeline\Result\JSONResult
18:33:26 >> Pipeline\Result\JSONResult
18:33:27 >> Pipeline\Result\JSONResult
18:33:28 >> Pipeline\Result\JSONResult
18:33:29 >> Pipeline\Result\JSONResult
18:33:30 >> Pipeline\Result\JSONResult
18:33:31 >> Pipeline\Result\JSONResult
18:33:32 >> Pipeline\Result\JSONResult
18:33:33 >> Pipeline\Result\JSONResult
18:33:34 >> Pipeline\Result\JSONResult
18:33:35 >> Pipeline\Result\JSONResult
18:33:36 >> Pipeline\Result\JSONResult
18:33:37 >> Pipeline\Result\JSONResult
18:33:38 >> Pipeline\Result\JSONResult
18:33:39 >> Pipeline\Result\JSONResult
18:33:40 >> Pipeline\Result\JSONResult
18:33:41 >> Pipeline\Result\JSONResult
18:33:42 >> Pipeline\Result\JSONResult
18:33:43 >> Pipeline\Result\JSONResult
18:33:44 >> Pipeline\Result\JSONResult
18:33:45 >> Pipeline\Result\JSONResult
18:33:46 >> Pipeline\Result\JSONResult
18:33:47 >> Pipeline\Result\JSONResult
18:33:48 >> Pipeline\Result\JSONResult
18:33:49 >> Pipeline\Result\JSONResult
18:33:50 >> Pipeline\Result\JSONResult
18:33:51 >> Pipeline\Result\JSONResult
18:33:52 >> Pipeline\Result\JSONResult
18:33:53 >> Pipeline\Result\JSONResult
18:33:54 >> Pipeline\Result\JSONResult
18:33:55 >> Pipeline\Result\JSONResult
18:33:56 >> Pipeline\Result\JSONResult
18:33:57 >> Pipeline\Result\JSONResult
18:33:58 >> Pipeline\Result\JSONResult
18:33:59 >> Pipeline\Result\JSONResult
18:34:00 >> Pipeline\Result\JSONResult
18:34:01 >> Pipeline\Result\JSONResult
18:34:02 >> Pipeline\Result\JSONResult
18:34:03 >> Pipeline\Result\JSONResult
18:34:04 >> Pipeline\Result\JSONResult
18:34:05 >> Pipeline\Result\JSONResult
18:34:06 >> Pipeline\Result\JSONResult
18:34:07 >> Pipeline\Result\JSONResult
18:34:08 >> Pipeline\Result\JSONResult
18:34:09 >> Pipeline\Result\JSONResult
18:34:10 >> Pipeline\Result\JSONResult
18:34:11 >> Pipeline\Result\JSONResult
18:34:12 >> Pipeline\Result\JSONResult
18:34:13 >> Pipeline\Result\JSONResult
18:34:14 >> Pipeline\Result\JSONResult
18:34:15 >> Pipeline\Result\JSONResult
18:34:16 >> Pipeline\Result\JSONResult
18:34:17 >> Pipeline\Result\JSONResult
18:34:18 >> Pipeline\Result\JSONResult
18:34:19 >> Pipeline\Result\JSONResult
18:34:20 >> Pipeline\Result\JSONResult
18:34:21 >> Pipeline\Result\JSONResult
18:34:22 >> Pipeline\Result\JSONResult
18:34:23 >> Pipeline\Result\JSONResult
18:34:24 >> Pipeline\Result\JSONResult
18:34:25 >> Pipeline\Result\JSONResult
18:34:26 >> Pipeline\Result\JSONResult
18:34:27 >> Pipeline\Result\JSONResult
18:34:28 >> Pipeline\Result\JSONResult
18:34:29 >> Pipeline\Result\JSONResult
18:34:30 >> Pipeline\Result\JSONResult
18:34:31 >> Pipeline\Result\JSONResult
18:34:32 >> Pipeline\Result\JSONResult
18:34:33 >> Pipeline\Result\JSONResult
18:34:34 >> Pipeline\Result\JSONResult
18:34:35 >> Pipeline\Result\JSONResult
18:34:36 >> Pipeline\Result\JSONResult
18:34:37 >> Pipeline\Result\JSONResult
18:34:38 >> Pipeline\Result\JSONResult
18:34:39 >> Pipeline\Result\JSONResult
18:34:40 >> Pipeline\Result\JSONResult
18:34:41 >> Pipeline\Result\JSONResult
18:34:42 >> Pipeline\Result\JSONResult
18:34:43 >> Pipeline\Result\JSONResult
18:34:44 >> Pipeline\Result\JSONResult
18:34:45 >> Pipeline\Result\JSONResult
18:34:46 >> Pipeline\Result\JSONResult
18:34:47 >> Pipeline\Result\JSONResult
18:34:48 >> Pipeline\Result\JSONResult
18:34:49 >> Pipeline\Result\JSONResult
18:34:50 >> Pipeline\Result\JSONResult
18:34:51 >> Pipeline\Result\JSONResult
18:34:52 >> Pipeline\Result\JSONResult
18:34:53 >> Pipeline\Result\JSONResult
18:34:54 >> Pipeline\Result\JSONResult
18:34:55 >> Pipeline\Result\JSONResult
18:34:56 >> Pipeline\Result\JSONResult
18:34:57 >> Pipeline\Result\JSONResult
18:34:58 >> Pipeline\Result\JSONResult
18:34:59 >> Pipeline\Result\JSONResult
18:35:00 >> Pipeline\Result\JSONResult
18:35:01 >> Pipeline\Result\JSONResult
18:35:02 >> Pipeline\Result\JSONResult
18:35:03 >> Pipeline\Result\JSONResult
18:35:04 >> Pipeline\Result\JSONResult
18:35:05 >> Pipeline\Result\JSONResult
18:35:06 >> Pipeline\Result\JSONResult
18:35:07 >> Pipeline\Result\JSONResult
18:35:08 >> Pipeline\Result\JSONResult
18:35:09 >> Pipeline\Result\JSONResult
18:35:10 >> Pipeline\Result\JSONResult
18:35:11 >> Pipeline\Result\JSONResult
18:35:12 >> Pipeline\Result\JSONResult
18:35:13 >> Pipeline\Result\JSONResult
18:35:14 >> Pipeline\Result\JSONResult
18:35:15 >> Pipeline\Result\JSONResult
18:35:16 >> Pipeline\Result\JSONResult
18:35:17 >> Pipeline\Result\JSONResult
18:35:18 >> Pipeline\Result\JSONResult
18:35:19 >> Pipeline\Result\JSONResult
18:35:20 >> Pipeline\Result\JSONResult
18:35:21 >> Pipeline\Result\JSONResult
18:35:22 >> Pipeline\Result\JSONResult
18:35:23 >> Pipeline\Result\JSONResult
18:35:24 >> Pipeline\Result\JSONResult
18:35:25 >> Pipeline\Result\JSONResult
18:35:26 >> Pipeline\Result\JSONResult
18:35:27 >> Pipeline\Result\JSONResult
18:35:28 >> Pipeline\Result\JSONResult
18:35:29 >> Pipeline\Result\JSONResult
18:35:30 >> Pipeline\Result\JSONResult
18:35:31 >> Pipeline\Result\JSONResult
18:35:32 >> Pipeline\Result\JSONResult
18:35:33 >> Pipeline\Result\JSONResult
18:35:34 >> Pipeline\Result\JSONResult
18:35:35 >> Pipeline\Result\JSONResult
18:35:36 >> Pipeline\Result\JSONResult
18:35:37 >> Pipeline\Result\JSONResult
18:35:38 >> Pipeline\Result\JSONResult
18:35:39 >> Pipeline\Result\JSONResult
18:35:40 >> Pipeline\Result\JSONResult
18:35:41 >> Pipeline\Result\JSONResult
18:35:42 >> Pipeline\Result\JSONResult
18:35:43 >> Pipeline\Result\JSONResult
18:35:44 >> Pipeline\Result\JSONResult
18:35:45 >> Pipeline\Result\JSONResult
18:35:46 >> Pipeline\Result\JSONResult
18:35:47 >> Pipeline\Result\JSONResult
18:35:48 >> Pipeline\Result\JSONResult
18:35:49 >> Pipeline\Result\JSONResult
18:35:50 >> Pipeline\Result\JSONResult
18:35:51 >> Pipeline\Result\JSONResult
18:35:52 >> Pipeline\Result\JSONResult
18:35:53 >> Pipeline\Result\JSONResult
18:35:54 >> Pipeline\Result\JSONResult
18:35:55 >> Pipeline\Result\JSONResult
18:35:56 >> Pipeline\Result\JSONResult
18:35:57 >> Pipeline\Result\JSONResult
18:35:58 >> Pipeline\Result\JSONResult
18:35:59 >> Pipeline\Result\JSONResult
18:36:00 >> Pipeline\Result\JSONResult
18:36:01 >> Pipeline\Result\JSONResult
18:36:02 >> Pipeline\Result\JSONResult
18:36:03 >> Pipeline\Result\JSONResult
18:36:04 >> Pipeline\Result\JSONResult
18:36:05 >> Pipeline\Result\JSONResult
18:36:06 >> Pipeline\Result\JSONResult
18:36:07 >> Pipeline\Result\JSONResult
18:36:08 >> Pipeline\Result\JSONResult
18:36:09 >> Pipeline\Result\JSONResult
18:36:10 >> Pipeline\Result\JSONResult
18:36:11 >> Pipeline\Result\JSONResult
18:36:12 >> Pipeline\Result\JSONResult
18:36:13 >> Pipeline\Result\JSONResult
18:36:14 >> Pipeline\Result\JSONResult
18:36:15 >> Pipeline\Result\JSONResult
18:36:16 >> Pipeline\Result\JSONResult
18:36:17 >> Pipeline\Result\JSONResult
18:36:18 >> Pipeline\Result\JSONResult
18:36:19 >> Pipeline\Result\JSONResult
18:36:20 >> Pipeline\Result\JSONResult
18:36:21 >> Pipeline\Result\JSONResult
18:36:22 >> Pipeline\Result\JSONResult
18:36:23 >> Pipeline\Result\JSONResult
18:36:24 >> Pipeline\Result\JSONResult
18:36:25 >> Pipeline\Result\JSONResult
18:36:26 >> Pipeline\Result\JSONResult
18:36:27 >> Pipeline\Result\JSONResult
18:36:28 >> Pipeline\Result\JSONResult
18:36:29 >> Pipeline\Result\JSONResult
18:36:30 >> Pipeline\Result\JSONResult
18:36:31 >> Pipeline\Result\JSONResult
18:36:32 >> Pipeline\Result\JSONResult
18:36:33 >> Pipeline\Result\JSONResult
18:36:34 >> Pipeline\Result\JSONResult
18:36:35 >> Pipeline\Result\JSONResult
18:36:36 >> Pipeline\Result\JSONResult
18:36:37 >> Pipeline\Result\JSONResult
18:36:38 >> Pipeline\Result\JSONResult
18:36:39 >> Pipeline\Result\JSONResult
18:36:40 >> Pipeline\Result\JSONResult
18:36:41 >> Pipeline\Result\JSONResult
18:36:42 >> Pipeline\Result\JSONResult
18:36:43 >> Pipeline\Result\JSONResult
18:36:44 >> Pipeline\Result\JSONResult
18:36:45 >> Pipeline\Result\JSONResult
18:36:46 >> Pipeline\Result\JSONResult
18:36:47 >> Pipeline\Result\JSONResult
18:36:48 >> Pipeline\Result\JSONResult
18:36:49 >> Pipeline\Result\JSONResult
18:36:50 >> Pipeline\Result\JSONResult
18:36:51 >> Pipeline\Result\JSONResult
18:36:52 >> Pipeline\Result\JSONResult
18:36:53 >> Pipeline\Result\JSONResult
18:36:54 >> Pipeline\Result\JSONResult
18:36:55 >> Pipeline\Result\JSONResult
18:36:56 >> Pipeline\Result\JSONResult
18:36:57 >> Pipeline\Result\JSONResult
18:36:58 >> Pipeline\Result\JSONResult
18:36:59 >> Pipeline\Result\JSONResult
18:37:00 >> Pipeline\Result\JSONResult
18:37:01 >> Pipeline\Result\JSONResult
18:37:02 >> Pipeline\Result\JSONResult
18:37:03 >> Pipeline\Result\JSONResult
18:37:04 >> Pipeline\Result\JSONResult
18:37:05 >> Pipeline\Result\JSONResult
18:37:06 >> Pipeline\Result\JSONResult
18:37:07 >> Pipeline\Result\JSONResult
18:37:08 >> Pipeline\Result\JSONResult
18:37:09 >> Pipeline\Result\JSONResult
18:37:10 >> Pipeline\Result\JSONResult
18:37:11 >> Pipeline\Result\JSONResult
18:37:12 >> Pipeline\Result\JSONResult
18:37:13 >> Pipeline\Result\JSONResult
18:37:14 >> Pipeline\Result\JSONResult
18:37:15 >> Pipeline\Result\JSONResult
18:37:16 >> Pipeline\Result\JSONResult
18:37:17 >> Pipeline\Result\JSONResult
18:37:18 >> Pipeline\Result\JSONResult
18:37:19 >> Pipeline\Result\JSONResult
18:37:20 >> Pipeline\Result\JSONResult
18:37:21 >> Pipeline\Result\JSONResult
18:37:22 >> Pipeline\Result\JSONResult
18:37:23 >> Pipeline\Result\JSONResult
18:37:24 >> Pipeline\Result\JSONResult
18:37:25 >> Pipeline\Result\JSONResult
18:37:26 >> Pipeline\Result\JSONResult
18:37:27 >> Pipeline\Result\JSONResult
18:37:28 >> Pipeline\Result\JSONResult
18:37:29 >> Pipeline\Result\JSONResult
18:37:30 >> Pipeline\Result\JSONResult
18:37:31 >> Pipeline\Result\JSONResult
18:37:32 >> Pipeline\Result\JSONResult
18:37:33 >> Pipeline\Result\JSONResult
18:37:34 >> Pipeline\Result\JSONResult
18:37:35 >> Pipeline\Result\JSONResult
18:37:36 >> Pipeline\Result\JSONResult
18:37:37 >> Pipeline\Result\JSONResult
18:37:38 >> Pipeline\Result\JSONResult
18:37:39 >> Pipeline\Result\JSONResult
18:37:40 >> Pipeline\Result\JSONResult
18:37:41 >> Pipeline\Result\JSONResult
18:37:42 >> Pipeline\Result\JSONResult
18:37:43 >> Pipeline\Result\JSONResult
18:37:44 >> Pipeline\Result\JSONResult
18:37:45 >> Pipeline\Result\JSONResult
18:37:46 >> Pipeline\Result\JSONResult
18:37:47 >> Pipeline\Result\JSONResult
18:37:48 >> Pipeline\Result\JSONResult
18:37:49 >> Pipeline\Result\JSONResult
18:37:50 >> Pipeline\Result\JSONResult
18:37:51 >> Pipeline\Result\JSONResult
18:37:52 >> Pipeline\Result\JSONResult
18:37:53 >> Pipeline\Result\JSONResult
18:37:54 >> Pipeline\Result\JSONResult
18:37:55 >> Pipeline\Result\JSONResult
18:37:56 >> Pipeline\Result\JSONResult
18:37:57 >> Pipeline\Result\JSONResult
18:37:58 >> Pipeline\Result\JSONResult
18:37:59 >> Pipeline\Result\JSONResult
18:38:00 >> Pipeline\Result\JSONResult
18:38:01 >> Pipeline\Result\JSONResult
18:38:02 >> Pipeline\Result\JSONResult
18:38:03 >> Pipeline\Result\JSONResult
18:38:04 >> Pipeline\Result\JSONResult
18:38:05 >> Pipeline\Result\JSONResult
18:38:06 >> Pipeline\Result\JSONResult
18:38:07 >> Pipeline\Result\JSONResult
18:38:08 >> Pipeline\Result\JSONResult
18:38:10 >> Pipeline\Result\JSONResult
18:38:10 >> Pipeline\Result\JSONResult
18:38:11 >> Pipeline\Result\JSONResult
18:38:12 >> Pipeline\Result\JSONResult
18:38:13 >> Pipeline\Result\JSONResult
18:38:14 >> Pipeline\Result\JSONResult
18:38:15 >> Pipeline\Result\JSONResult
18:38:16 >> Pipeline\Result\JSONResult
18:38:17 >> Pipeline\Result\JSONResult
18:38:18 >> Pipeline\Result\JSONResult
18:38:19 >> Pipeline\Result\JSONResult
18:38:20 >> Pipeline\Result\JSONResult
18:38:21 >> Pipeline\Result\JSONResult
18:38:22 >> Pipeline\Result\JSONResult
18:38:23 >> Pipeline\Result\JSONResult
18:38:24 >> Pipeline\Result\JSONResult
18:38:25 >> Pipeline\Result\JSONResult
18:38:26 >> Pipeline\Result\JSONResult
18:38:27 >> Pipeline\Result\JSONResult
18:38:28 >> Pipeline\Result\JSONResult
18:38:29 >> Pipeline\Result\JSONResult
18:38:30 >> Pipeline\Result\JSONResult
18:38:31 >> Pipeline\Result\JSONResult
18:38:32 >> Pipeline\Result\JSONResult
18:38:33 >> Pipeline\Result\JSONResult
18:38:34 >> Pipeline\Result\JSONResult
18:38:35 >> Pipeline\Result\JSONResult
18:38:36 >> Pipeline\Result\JSONResult
18:38:37 >> Pipeline\Result\JSONResult
18:38:38 >> Pipeline\Result\JSONResult
18:38:39 >> Pipeline\Result\JSONResult
18:38:40 >> Pipeline\Result\JSONResult
18:38:41 >> Pipeline\Result\JSONResult
18:38:42 >> Pipeline\Result\JSONResult
18:38:43 >> Pipeline\Result\JSONResult
18:38:45 >> Pipeline\Result\JSONResult
18:38:45 >> Pipeline\Result\JSONResult
18:38:46 >> Pipeline\Result\JSONResult
18:38:48 >> Pipeline\Result\JSONResult
18:38:48 >> Pipeline\Result\JSONResult
18:38:49 >> Pipeline\Result\JSONResult
18:38:50 >> Pipeline\Result\JSONResult
18:38:51 >> Pipeline\Result\JSONResult
18:38:52 >> Pipeline\Result\JSONResult
18:38:53 >> Pipeline\Result\JSONResult
18:38:54 >> Pipeline\Result\JSONResult
18:38:55 >> Pipeline\Result\JSONResult
18:38:56 >> Pipeline\Result\JSONResult
18:38:57 >> Pipeline\Result\JSONResult
18:38:58 >> Pipeline\Result\JSONResult
18:38:59 >> Pipeline\Result\JSONResult
18:39:00 >> Pipeline\Result\JSONResult
18:39:01 >> Pipeline\Result\JSONResult
18:39:02 >> Pipeline\Result\JSONResult
18:39:03 >> Pipeline\Result\JSONResult
18:39:04 >> Pipeline\Result\JSONResult
18:39:05 >> Pipeline\Result\JSONResult
18:39:06 >> Pipeline\Result\JSONResult
18:39:07 >> Pipeline\Result\JSONResult
