04:11:40 >> App\Controllers\DeveloperController has been requested a response from 'testMethod1' action
04:12:49 >> App\Controllers\DeveloperController has been requested a response from 'testMethod1' action
04:12:53 >> App\Controllers\DeveloperController has been requested a response from 'testMethod1' action
04:12:58 >> App\Controllers\DeveloperController has been requested a response from 'testMethod1' action
04:13:55 >> App\Controllers\DeveloperController has been requested a response from 'testMethod1' action
04:13:58 >> App\Controllers\DeveloperController has been requested a response from 'testMethod1' action
04:14:42 >> App\Controllers\DeveloperController has been requested a response from 'testMethod1' action
04:15:24 >> App\Controllers\DeveloperController has been requested a response from 'testMethod1' action
04:15:30 >> App\Controllers\DeveloperController has been requested a response from 'testMethod1' action
04:17:23 >> App\Controllers\DeveloperController has been requested a response from 'testMethod1' action
04:17:25 >> App\Controllers\DeveloperController has been requested a response from 'testMethod1' action
04:17:30 >> App\Controllers\DeveloperController has been requested a response from 'testMethod1' action
04:18:47 >> App\Controllers\DeveloperController has been requested a response from 'testMethod1' action
04:19:10 >> App\Controllers\DeveloperController has been requested a response from 'testMethod1' action
04:22:12 >> App\Controllers\DeveloperController has been requested a response from 'testMethod1' action
04:22:25 >> App\Controllers\DeveloperController has been requested a response from 'testMethod1' action
04:22:29 >> App\Controllers\DeveloperController has been requested a response from 'testMethod1' action
04:22:38 >> App\Controllers\HomeController has been requested a response from 'login' action
04:22:44 >> App\Controllers\DeveloperController has been requested a response from 'testMethod1' action
04:22:50 >> App\Controllers\HomeController has been requested a response from 'login' action
04:23:08 >> App\Controllers\UserController has been requested a response from 'questionsTest' action
04:26:01 >> App\Controllers\UserController has been requested a response from 'questionsTest' action
04:26:44 >> App\Controllers\UserController has been requested a response from 'questionsTest' action
04:28:20 >> App\Controllers\UserController has been requested a response from 'questionsTest' action
04:33:08 >> App\Controllers\UserController has been requested a response from 'questionsTest' action
04:33:11 >> App\Controllers\UserController has been requested a response from 'questionsTest' action
04:33:46 >> App\Controllers\UserController has been requested a response from 'questionsTest' action
04:34:06 >> App\Controllers\UserController has been requested a response from 'questionsTest' action
04:34:28 >> App\Controllers\UserController has been requested a response from 'questionsTest' action
04:35:04 >> App\Controllers\UserController has been requested a response from 'questionsTest' action
04:38:15 >> App\Controllers\UserController has been requested a response from 'questionsTest' action
04:38:18 >> App\Controllers\UserController has been requested a response from 'questionsTest' action
04:38:26 >> App\Controllers\UserController has been requested a response from 'questionsTest' action
04:42:07 >> App\Controllers\UserController has been requested a response from 'questionsTest' action
04:46:33 >> App\Controllers\UserController has been requested a response from 'questionsTest' action
04:49:35 >> App\Controllers\UserController has been requested a response from 'questionsTest' action
04:49:35 >> App\Controllers\UserController has been requested a response from 'questionsTest' action
04:49:37 >> App\Controllers\UserController has been requested a response from 'questionsTest' action
04:49:39 >> App\Controllers\UserController has been requested a response from 'questionsTest' action
04:49:42 >> App\Controllers\UserController has been requested a response from 'questionsTest' action
04:52:36 >> App\Controllers\UserController has been requested a response from 'questionsTest' action
07:07:27 >> App\Controllers\UserController has been requested a response from 'questionsTest' action
07:21:00 >> App\Controllers\UserController has been requested a response from 'questionsTest' action
07:21:03 >> App\Controllers\UserController has been requested a response from 'questionsTest' action
07:22:29 >> App\Controllers\UserController has been requested a response from 'questionsTest' action
07:23:04 >> App\Controllers\UserController has been requested a response from 'questionsTest' action
07:23:14 >> App\Controllers\UserController has been requested a response from 'questionsTest' action
07:23:44 >> App\Controllers\UserController has been requested a response from 'questionsTest' action
07:23:47 >> App\Controllers\UserController has been requested a response from 'questionsTest' action
07:23:50 >> App\Controllers\UserController has been requested a response from 'questionsTest' action
07:23:56 >> App\Controllers\UserController has been requested a response from 'questionsTest' action
07:23:58 >> App\Controllers\UserController has been requested a response from 'questionsTest' action
07:24:29 >> App\Controllers\UserController has been requested a response from 'questionsTest' action
07:24:35 >> App\Controllers\UserController has been requested a response from 'questionsTest' action
07:24:46 >> App\Controllers\UserController has been requested a response from 'questionsTest' action
07:24:55 >> App\Controllers\UserController has been requested a response from 'questionsTest' action
07:25:26 >> App\Controllers\UserController has been requested a response from 'questionsTest' action
07:25:52 >> App\Controllers\UserController has been requested a response from 'questionsTest' action
07:26:49 >> App\Controllers\UserController has been requested a response from 'questionsTest' action
07:26:53 >> App\Controllers\UserController has been requested a response from 'questionsTest' action
07:26:56 >> App\Controllers\UserController has been requested a response from 'questionsTest' action
07:27:06 >> App\Controllers\UserController has been requested a response from 'questionsTest' action
07:27:38 >> App\Controllers\UserController has been requested a response from 'questionsTest' action
07:27:41 >> App\Controllers\UserController has been requested a response from 'questionsTest' action
07:28:31 >> App\Controllers\UserController has been requested a response from 'questionsTest' action
07:28:35 >> App\Controllers\UserController has been requested a response from 'questionsTest' action
07:28:37 >> App\Controllers\UserController has been requested a response from 'questionsTest' action
07:29:44 >> App\Controllers\UserController has been requested a response from 'questionsTest' action
07:29:58 >> App\Controllers\HomeController has been requested a response from 'login' action
07:29:58 >> App\Controllers\HomeController has been requested a response from 'login' action
07:30:00 >> App\Controllers\HomeController has been requested a response from 'signup' action
07:30:04 >> App\Controllers\HomeController has been requested a response from 'login' action
07:30:06 >> App\Controllers\HomeController has been requested a response from 'resetRequest' action
07:30:15 >> App\Controllers\UserController has been requested a response from 'hearingTest' action
07:31:51 >> App\Controllers\UserController has been requested a response from 'hearingTest' action
07:33:20 >> App\Controllers\UserController has been requested a response from 'hearingTest' action
07:33:24 >> App\Controllers\UserController has been requested a response from 'hearingTest' action
07:35:01 >> App\Controllers\UserController has been requested a response from 'hearingTest' action
07:35:06 >> App\Controllers\UserController has been requested a response from 'hearingTest' action
07:35:07 >> App\Controllers\UserController has been requested a response from 'hearingTest' action
07:35:57 >> App\Controllers\UserController has been requested a response from 'hearingTest' action
07:36:02 >> App\Controllers\UserController has been requested a response from 'hearingTest' action
07:36:48 >> App\Controllers\UserController has been requested a response from 'hearingTest' action
07:36:50 >> App\Controllers\UserController has been requested a response from 'hearingTest' action
07:37:27 >> App\Controllers\UserController has been requested a response from 'hearingTest' action
07:38:06 >> App\Controllers\UserController has been requested a response from 'hearingTest' action
07:38:35 >> App\Controllers\HomeController has been requested a response from 'login' action
07:38:37 >> App\Controllers\HomeController has been requested a response from 'resetRequest' action
07:38:47 >> App\Controllers\AdminController has been requested a response from 'overview' action
07:39:08 >> App\Controllers\UserController has been requested a response from 'profile' action
07:39:26 >> App\Controllers\UserController has been requested a response from 'profile' action
07:39:35 >> App\Controllers\UserController has been requested a response from 'profile' action
07:40:01 >> App\Controllers\DeveloperController has been requested a response from 'testMethod1' action
07:40:04 >> App\Controllers\DeveloperController has been requested a response from 'testMethod2' action
07:40:10 >> App\Controllers\AdminController has been requested a response from 'overview' action
07:40:18 >> App\Controllers\UserController has been requested a response from 'questionsTest' action
