00:07:44 >> App\Controllers\HomeController has been requested a response from 'login' action
00:11:59 >> App\Controllers\HomeController has been requested a response from 'login' action
00:12:06 >> App\Controllers\HomeController has been requested a response from 'login' action
00:13:15 >> App\Controllers\HomeController has been requested a response from 'login' action
00:15:54 >> App\Controllers\HomeController has been requested a response from 'login' action
00:15:54 >> App\Controllers\HomeController has been requested a response from 'login' action
00:17:12 >> App\Controllers\HomeController has been requested a response from 'login' action
00:17:45 >> App\Controllers\HomeController has been requested a response from 'login' action
00:18:07 >> App\Controllers\HomeController has been requested a response from 'login' action
00:18:44 >> App\Controllers\HomeController has been requested a response from 'login' action
00:19:44 >> App\Controllers\HomeController has been requested a response from 'login' action
00:19:50 >> App\Controllers\HomeController has been requested a response from 'login' action
00:20:51 >> App\Controllers\HomeController has been requested a response from 'login' action
00:21:41 >> App\Controllers\HomeController has been requested a response from 'login' action
00:21:42 >> App\Controllers\HomeController has been requested a response from 'login' action
00:21:56 >> App\Controllers\HomeController has been requested a response from 'login' action
00:21:57 >> App\Controllers\HomeController has been requested a response from 'login' action
00:22:04 >> App\Controllers\HomeController has been requested a response from 'login' action
00:22:39 >> App\Controllers\HomeController has been requested a response from 'login' action
00:22:41 >> App\Controllers\HomeController has been requested a response from 'login' action
00:22:42 >> App\Controllers\HomeController has been requested a response from 'login' action
00:23:12 >> App\Controllers\HomeController has been requested a response from 'login' action
00:23:15 >> App\Controllers\HomeController has been requested a response from 'login' action
00:23:16 >> App\Controllers\HomeController has been requested a response from 'login' action
00:23:39 >> App\Controllers\HomeController has been requested a response from 'login' action
00:23:41 >> App\Controllers\HomeController has been requested a response from 'login' action
00:23:42 >> App\Controllers\HomeController has been requested a response from 'login' action
00:24:01 >> App\Controllers\HomeController has been requested a response from 'login' action
00:26:05 >> App\Controllers\HomeController has been requested a response from 'login' action
00:27:11 >> App\Controllers\HomeController has been requested a response from 'login' action
00:27:36 >> App\Controllers\HomeController has been requested a response from 'login' action
00:27:38 >> App\Controllers\HomeController has been requested a response from 'login' action
00:27:42 >> App\Controllers\HomeController has been requested a response from 'login' action
00:27:44 >> App\Controllers\HomeController has been requested a response from 'login' action
00:30:02 >> App\Controllers\HomeController has been requested a response from 'login' action
00:30:03 >> App\Controllers\HomeController has been requested a response from 'login' action
00:30:10 >> App\Controllers\HomeController has been requested a response from 'login' action
00:30:17 >> App\Controllers\HomeController has been requested a response from 'login' action
00:30:19 >> App\Controllers\HomeController has been requested a response from 'login' action
00:30:23 >> App\Controllers\HomeController has been requested a response from 'login' action
00:30:36 >> App\Controllers\HomeController has been requested a response from 'login' action
00:35:30 >> App\Controllers\HomeController has been requested a response from 'login' action
00:35:31 >> App\Controllers\HomeController has been requested a response from 'login' action
00:36:40 >> App\Controllers\HomeController has been requested a response from 'login' action
00:36:47 >> App\Controllers\HomeController has been requested a response from 'login' action
00:37:28 >> App\Controllers\HomeController has been requested a response from 'login' action
00:37:57 >> App\Controllers\HomeController has been requested a response from 'login' action
00:38:31 >> App\Controllers\HomeController has been requested a response from 'login' action
00:38:39 >> App\Controllers\HomeController has been requested a response from 'signup' action
00:38:45 >> App\Controllers\HomeController has been requested a response from 'login' action
00:39:06 >> App\Controllers\UserController has been requested a response from 'questionsTest' action
00:43:52 >> App\Controllers\UserController has been requested a response from 'questionsTest' action
00:45:34 >> App\Controllers\UserController has been requested a response from 'questionsTest' action
00:48:28 >> App\Controllers\HomeController has been requested a response from 'login' action
00:48:30 >> App\Controllers\HomeController has been requested a response from 'login' action
00:49:17 >> App\Controllers\HomeController has been requested a response from 'login' action
00:49:35 >> App\Controllers\HomeController has been requested a response from 'login' action
00:51:34 >> App\Controllers\HomeController has been requested a response from 'login' action
00:51:37 >> App\Controllers\HomeController has been requested a response from 'signup' action
00:51:40 >> App\Controllers\HomeController has been requested a response from 'login' action
00:51:44 >> App\Controllers\UserController has been requested a response from 'questionsTest' action
00:51:46 >> App\Controllers\UserController has been requested a response from 'questionsTest' action
00:52:06 >> App\Controllers\UserController has been requested a response from 'questionsTest' action
00:52:23 >> App\Controllers\UserController has been requested a response from 'questionsTest' action
00:52:34 >> App\Controllers\UserController has been requested a response from 'questionsTest' action
00:54:50 >> App\Controllers\UserController has been requested a response from 'questionsTest' action
00:56:31 >> App\Controllers\UserController has been requested a response from 'questionsTest' action
00:56:39 >> App\Controllers\UserController has been requested a response from 'questionsTest' action
00:57:56 >> App\Controllers\UserController has been requested a response from 'questionsTest' action
01:01:44 >> App\Controllers\UserController has been requested a response from 'questionsTest' action
01:01:50 >> App\Controllers\UserController has been requested a response from 'questionsTest' action
01:02:35 >> App\Controllers\UserController has been requested a response from 'questionsTest' action
01:03:51 >> App\Controllers\UserController has been requested a response from 'questionsTest' action
01:14:13 >> App\Controllers\UserController has been requested a response from 'questionsTest' action
01:14:22 >> App\Controllers\UserController has been requested a response from 'questionsTest' action
01:14:43 >> App\Controllers\UserController has been requested a response from 'questionsTest' action
01:15:22 >> App\Controllers\UserController has been requested a response from 'questionsTest' action
01:15:42 >> App\Controllers\UserController has been requested a response from 'questionsTest' action
01:16:27 >> App\Controllers\UserController has been requested a response from 'questionsTest' action
01:17:22 >> App\Controllers\UserController has been requested a response from 'questionsTest' action
01:22:38 >> App\Controllers\UserController has been requested a response from 'questionsTest' action
01:23:03 >> App\Controllers\UserController has been requested a response from 'questionsTest' action
01:24:38 >> App\Controllers\UserController has been requested a response from 'questionsTest' action
01:24:43 >> App\Controllers\UserController has been requested a response from 'questionsTest' action
01:26:33 >> App\Controllers\UserController has been requested a response from 'questionsTest' action
01:26:42 >> App\Controllers\UserController has been requested a response from 'questionsTest' action
01:27:06 >> App\Controllers\UserController has been requested a response from 'questionsTest' action
01:28:11 >> App\Controllers\UserController has been requested a response from 'questionsTest' action
01:28:31 >> App\Controllers\UserController has been requested a response from 'questionsTest' action
01:29:08 >> App\Controllers\UserController has been requested a response from 'questionsTest' action
01:30:06 >> App\Controllers\UserController has been requested a response from 'questionsTest' action
01:30:13 >> App\Controllers\UserController has been requested a response from 'questionsTest' action
01:30:43 >> App\Controllers\UserController has been requested a response from 'questionsTest' action
01:31:03 >> App\Controllers\UserController has been requested a response from 'questionsTest' action
01:31:09 >> App\Controllers\UserController has been requested a response from 'questionsTest' action
01:31:36 >> App\Controllers\UserController has been requested a response from 'questionsTest' action
01:31:44 >> App\Controllers\UserController has been requested a response from 'questionsTest' action
01:32:27 >> App\Controllers\UserController has been requested a response from 'questionsTest' action
01:32:58 >> App\Controllers\UserController has been requested a response from 'questionsTest' action
01:33:36 >> App\Controllers\UserController has been requested a response from 'questionsTest' action
01:34:31 >> App\Controllers\UserController has been requested a response from 'questionsTest' action
01:36:20 >> App\Controllers\UserController has been requested a response from 'questionsTest' action
01:36:32 >> App\Controllers\UserController has been requested a response from 'questionsTest' action
01:36:47 >> App\Controllers\UserController has been requested a response from 'questionsTest' action
01:36:51 >> App\Controllers\UserController has been requested a response from 'questionsTest' action
01:37:13 >> App\Controllers\UserController has been requested a response from 'questionsTest' action
01:37:26 >> App\Controllers\UserController has been requested a response from 'questionsTest' action
01:38:18 >> App\Controllers\UserController has been requested a response from 'questionsTest' action
01:39:58 >> App\Controllers\UserController has been requested a response from 'questionsTest' action
01:42:51 >> App\Controllers\UserController has been requested a response from 'questionsTest' action
01:42:55 >> App\Controllers\UserController has been requested a response from 'questionsTest' action
01:43:29 >> App\Controllers\UserController has been requested a response from 'questionsTest' action
01:43:52 >> App\Controllers\UserController has been requested a response from 'questionsTest' action
01:43:56 >> App\Controllers\UserController has been requested a response from 'questionsTest' action
01:44:00 >> App\Controllers\UserController has been requested a response from 'questionsTest' action
01:50:24 >> App\Controllers\UserController has been requested a response from 'questionsTest' action
01:50:28 >> App\Controllers\UserController has been requested a response from 'questionsTest' action
01:50:37 >> App\Controllers\UserController has been requested a response from 'questionsTest' action
01:50:50 >> App\Controllers\UserController has been requested a response from 'questionsTest' action
01:51:25 >> App\Controllers\UserController has been requested a response from 'questionsTest' action
01:52:10 >> App\Controllers\UserController has been requested a response from 'questionsTest' action
01:59:21 >> App\Controllers\UserController has been requested a response from 'questionsTest' action
02:00:05 >> App\Controllers\UserController has been requested a response from 'questionsTest' action
02:10:30 >> App\Controllers\UserController has been requested a response from 'questionsTest' action
02:18:51 >> App\Controllers\UserController has been requested a response from 'questionsTest' action
02:19:07 >> App\Controllers\UserController has been requested a response from 'questionsTest' action
02:25:11 >> App\Controllers\UserController has been requested a response from 'questionsTest' action
02:25:19 >> App\Controllers\UserController has been requested a response from 'questionsTest' action
02:25:25 >> App\Controllers\UserController has been requested a response from 'questionsTest' action
02:26:02 >> App\Controllers\UserController has been requested a response from 'questionsTest' action
02:26:25 >> App\Controllers\UserController has been requested a response from 'questionsTest' action
02:26:51 >> App\Controllers\HomeController has been requested a response from 'login' action
02:26:54 >> App\Controllers\HomeController has been requested a response from 'signup' action
02:27:16 >> App\Controllers\HomeController has been requested a response from 'login' action
02:27:29 >> App\Controllers\UserController has been requested a response from 'hearingTest' action
02:28:47 >> App\Controllers\UserController has been requested a response from 'hearingTest' action
02:33:33 >> App\Controllers\AdminstratorController has been requested a response from 'overview' action
02:34:01 >> App\Controllers\AdminstratorController has been requested a response from 'overview' action
02:34:22 >> App\Controllers\AdminstratorController has been requested a response from 'overview' action
02:35:48 >> App\Controllers\UserController has been requested a response from 'questionsTest' action
02:35:50 >> App\Controllers\UserController has been requested a response from 'questionsTest' action
02:36:40 >> App\Controllers\UserController has been requested a response from 'questionsTest' action
02:37:41 >> App\Controllers\HomeController has been requested a response from 'login' action
02:37:44 >> App\Controllers\HomeController has been requested a response from 'signup' action
02:37:47 >> App\Controllers\HomeController has been requested a response from 'login' action
02:37:48 >> App\Controllers\HomeController has been requested a response from 'login' action
02:38:14 >> App\Controllers\UserController has been requested a response from 'testResult' action
