22:29:18 >> App\Controllers\HomeController has been requested a response from 'login' action
22:29:46 >> App\Controllers\HomeController has been requested a response from 'login' action
22:29:57 >> App\Controllers\HomeController has been requested a response from 'login' action
22:30:07 >> App\Controllers\HomeController has been requested a response from 'login' action
22:30:07 >> App\Controllers\HomeController has been requested a response from 'login' action
22:30:07 >> App\Controllers\HomeController has been requested a response from 'login' action
22:30:07 >> App\Controllers\HomeController has been requested a response from 'login' action
22:30:07 >> App\Controllers\HomeController has been requested a response from 'login' action
22:30:08 >> App\Controllers\HomeController has been requested a response from 'login' action
22:30:09 >> App\Controllers\HomeController has been requested a response from 'login' action
22:30:09 >> App\Controllers\HomeController has been requested a response from 'login' action
22:30:10 >> App\Controllers\HomeController has been requested a response from 'login' action
22:30:33 >> App\Controllers\HomeController has been requested a response from 'login' action
22:30:33 >> App\Controllers\HomeController has been requested a response from 'login' action
22:30:33 >> App\Controllers\HomeController has been requested a response from 'login' action
22:30:34 >> App\Controllers\HomeController has been requested a response from 'login' action
22:30:34 >> App\Controllers\HomeController has been requested a response from 'login' action
22:30:34 >> App\Controllers\HomeController has been requested a response from 'login' action
22:30:34 >> App\Controllers\HomeController has been requested a response from 'login' action
22:30:34 >> App\Controllers\HomeController has been requested a response from 'login' action
22:30:34 >> App\Controllers\HomeController has been requested a response from 'login' action
22:30:34 >> App\Controllers\HomeController has been requested a response from 'login' action
22:30:35 >> App\Controllers\HomeController has been requested a response from 'login' action
22:30:36 >> App\Controllers\HomeController has been requested a response from 'login' action
22:30:38 >> App\Controllers\HomeController has been requested a response from 'login' action
22:31:08 >> App\Controllers\HomeController has been requested a response from 'login' action
22:31:08 >> Pipeline\Result\ViewResult responded with '200' : 'Pipeline\Result\ViewResult'
22:31:12 >> App\Controllers\HomeController has been requested a response from 'login' action
22:31:12 >> Pipeline\Result\ViewResult responded with '200' : 'Pipeline\Result\ViewResult'
22:31:12 >> Pipeline\Result\JSONResult
22:31:12 >> Pipeline\Result\JSONResult
22:31:13 >> Pipeline\Result\JSONResult
22:31:13 >> Pipeline\Result\JSONResult
22:31:13 >> Pipeline\Result\JSONResult
22:31:14 >> Pipeline\Result\JSONResult
22:31:14 >> Pipeline\Result\JSONResult
22:31:15 >> Pipeline\Result\JSONResult
22:31:15 >> App\Controllers\HomeController has been requested a response from 'login' action
22:31:15 >> Pipeline\Result\ViewResult responded with '200' : 'Pipeline\Result\ViewResult'
22:31:16 >> Pipeline\Result\JSONResult
22:31:16 >> Pipeline\Result\JSONResult
22:31:16 >> Pipeline\Result\JSONResult
22:31:17 >> Pipeline\Result\JSONResult
22:31:17 >> App\Controllers\HomeController has been requested a response from 'resetRequest' action
22:31:17 >> Pipeline\Result\ViewResult responded with '200' : 'Pipeline\Result\ViewResult'
22:31:17 >> Pipeline\Result\JSONResult
22:31:18 >> Pipeline\Result\JSONResult
22:31:18 >> Pipeline\Result\JSONResult
22:31:18 >> Pipeline\Result\JSONResult
22:31:18 >> App\Controllers\HomeController has been requested a response from 'login' action
22:31:18 >> Pipeline\Result\ViewResult responded with '200' : 'Pipeline\Result\ViewResult'
22:31:19 >> Pipeline\Result\JSONResult
22:31:19 >> Pipeline\Result\JSONResult
22:31:19 >> App\Controllers\HomeController has been requested a response from 'signup' action
22:31:19 >> Pipeline\Result\ViewResult responded with '200' : 'Pipeline\Result\ViewResult'
22:31:20 >> Pipeline\Result\JSONResult
22:31:20 >> Pipeline\Result\JSONResult
22:31:20 >> Pipeline\Result\JSONResult
22:31:21 >> Pipeline\Result\JSONResult
22:31:21 >> Pipeline\Result\JSONResult
22:31:21 >> Pipeline\Result\JSONResult
22:31:22 >> Pipeline\Result\JSONResult
22:31:22 >> App\Controllers\PianoController has been requested a response from 'hearingTest' action
22:31:22 >> Pipeline\Result\ViewResult responded with '200' : 'Pipeline\Result\ViewResult'
22:31:22 >> Pipeline\Result\JSONResult
22:31:23 >> Pipeline\Result\JSONResult
22:31:23 >> Pipeline\Result\JSONResult
22:31:23 >> Pipeline\Result\JSONResult
22:31:24 >> Pipeline\Result\JSONResult
22:31:24 >> App\Controllers\HomeController has been requested a response from 'signup' action
22:31:24 >> Pipeline\Result\ViewResult responded with '200' : 'Pipeline\Result\ViewResult'
22:31:24 >> Pipeline\Result\JSONResult
22:31:25 >> Pipeline\Result\JSONResult
22:31:25 >> Pipeline\Result\JSONResult
22:31:25 >> Pipeline\Result\JSONResult
22:31:26 >> Pipeline\Result\JSONResult
22:31:26 >> Pipeline\Result\JSONResult
22:31:27 >> Pipeline\Result\JSONResult
22:31:27 >> Pipeline\Result\JSONResult
22:31:27 >> Pipeline\Result\JSONResult
22:31:28 >> Pipeline\Result\JSONResult
22:31:28 >> Pipeline\Result\JSONResult
22:31:28 >> Pipeline\Result\JSONResult
22:31:29 >> Pipeline\Result\JSONResult
22:31:29 >> Pipeline\Result\JSONResult
22:31:29 >> Pipeline\Result\JSONResult
22:31:30 >> Pipeline\Result\JSONResult
22:31:30 >> Pipeline\Result\JSONResult
22:31:30 >> Pipeline\Result\JSONResult
22:31:31 >> Pipeline\Result\JSONResult
22:31:31 >> Pipeline\Result\JSONResult
22:31:31 >> Pipeline\Result\JSONResult
22:31:32 >> Pipeline\Result\JSONResult
22:31:32 >> Pipeline\Result\JSONResult
22:31:32 >> Pipeline\Result\JSONResult
22:31:33 >> Pipeline\Result\JSONResult
22:31:33 >> Pipeline\Result\JSONResult
22:31:33 >> Pipeline\Result\JSONResult
22:31:34 >> Pipeline\Result\JSONResult
22:31:34 >> Pipeline\Result\JSONResult
22:31:34 >> Pipeline\Result\JSONResult
22:31:35 >> Pipeline\Result\JSONResult
22:31:35 >> Pipeline\Result\JSONResult
22:31:35 >> Pipeline\Result\JSONResult
22:31:36 >> Pipeline\Result\JSONResult
22:31:36 >> Pipeline\Result\JSONResult
22:31:37 >> Pipeline\Result\JSONResult
22:31:37 >> Pipeline\Result\JSONResult
22:31:37 >> Pipeline\Result\JSONResult
22:31:38 >> Pipeline\Result\JSONResult
22:31:38 >> Pipeline\Result\JSONResult
22:31:38 >> Pipeline\Result\JSONResult
22:31:39 >> Pipeline\Result\JSONResult
22:31:39 >> Pipeline\Result\JSONResult
22:31:39 >> Pipeline\Result\JSONResult
22:31:40 >> Pipeline\Result\JSONResult
22:31:40 >> Pipeline\Result\JSONResult
22:31:40 >> Pipeline\Result\JSONResult
