00:01:02 >> App\Controllers\UserController has been requested a response from 'hearingTest' action
00:01:37 >> App\Controllers\UserController has been requested a response from 'hearingTest' action
00:01:39 >> App\Controllers\UserController has been requested a response from 'hearingTest' action
00:01:44 >> App\Controllers\UserController has been requested a response from 'hearingTest' action
00:03:34 >> App\Controllers\UserController has been requested a response from 'hearingTest' action
00:03:48 >> App\Controllers\UserController has been requested a response from 'hearingTest' action
00:03:50 >> App\Controllers\UserController has been requested a response from 'hearingTest' action
00:03:52 >> App\Controllers\UserController has been requested a response from 'hearingTest' action
00:03:53 >> App\Controllers\UserController has been requested a response from 'hearingTest' action
00:03:58 >> App\Controllers\UserController has been requested a response from 'hearingTest' action
00:05:07 >> App\Controllers\UserController has been requested a response from 'hearingTest' action
00:05:22 >> App\Controllers\UserController has been requested a response from 'hearingTest' action
00:05:24 >> App\Controllers\UserController has been requested a response from 'hearingTest' action
00:05:29 >> App\Controllers\UserController has been requested a response from 'hearingTest' action
00:05:31 >> App\Controllers\UserController has been requested a response from 'hearingTest' action
00:05:33 >> App\Controllers\UserController has been requested a response from 'hearingTest' action
00:05:51 >> App\Controllers\UserController has been requested a response from 'hearingTest' action
00:05:53 >> App\Controllers\UserController has been requested a response from 'hearingTest' action
00:05:57 >> App\Controllers\UserController has been requested a response from 'hearingTest' action
00:05:59 >> App\Controllers\UserController has been requested a response from 'hearingTest' action
00:06:03 >> App\Controllers\UserController has been requested a response from 'hearingTest' action
00:06:05 >> App\Controllers\UserController has been requested a response from 'hearingTest' action
00:06:09 >> App\Controllers\UserController has been requested a response from 'hearingTest' action
00:06:11 >> App\Controllers\UserController has been requested a response from 'hearingTest' action
00:06:15 >> App\Controllers\UserController has been requested a response from 'hearingTest' action
00:06:18 >> App\Controllers\UserController has been requested a response from 'hearingTest' action
00:06:23 >> App\Controllers\UserController has been requested a response from 'hearingTest' action
00:06:25 >> App\Controllers\UserController has been requested a response from 'hearingTest' action
00:08:15 >> App\Controllers\UserController has been requested a response from 'hearingTest' action
00:08:37 >> App\Controllers\UserController has been requested a response from 'hearingTest' action
00:08:42 >> App\Controllers\UserController has been requested a response from 'hearingTest' action
00:09:52 >> App\Controllers\UserController has been requested a response from 'hearingTest' action
00:09:54 >> App\Controllers\UserController has been requested a response from 'hearingTest' action
00:11:59 >> App\Controllers\UserController has been requested a response from 'hearingTest' action
00:12:27 >> App\Controllers\UserController has been requested a response from 'hearingTest' action
00:13:03 >> App\Controllers\UserController has been requested a response from 'hearingTest' action
00:13:05 >> App\Controllers\UserController has been requested a response from 'hearingTest' action
00:13:11 >> App\Controllers\UserController has been requested a response from 'hearingTest' action
00:13:34 >> App\Controllers\UserController has been requested a response from 'hearingTest' action
00:13:39 >> App\Controllers\UserController has been requested a response from 'hearingTest' action
00:13:44 >> App\Controllers\UserController has been requested a response from 'hearingTest' action
00:26:34 >> App\Controllers\UserController has been requested a response from 'hearingTest' action
00:26:45 >> App\Controllers\UserController has been requested a response from 'hearingTest' action
00:27:20 >> App\Controllers\UserController has been requested a response from 'hearingTest' action
00:28:40 >> App\Controllers\UserController has been requested a response from 'hearingTest' action
00:28:48 >> App\Controllers\UserController has been requested a response from 'hearingTest' action
00:29:24 >> App\Controllers\UserController has been requested a response from 'hearingTest' action
00:33:05 >> App\Controllers\UserController has been requested a response from 'hearingTest' action
00:33:06 >> App\Controllers\UserController has been requested a response from 'hearingTest' action
00:33:32 >> App\Controllers\UserController has been requested a response from 'hearingTest' action
00:33:53 >> App\Controllers\UserController has been requested a response from 'hearingTest' action
00:34:08 >> App\Controllers\UserController has been requested a response from 'hearingTest' action
00:34:19 >> App\Controllers\UserController has been requested a response from 'hearingTest' action
00:35:28 >> App\Controllers\UserController has been requested a response from 'hearingTest' action
00:35:34 >> App\Controllers\UserController has been requested a response from 'hearingTest' action
00:35:42 >> App\Controllers\UserController has been requested a response from 'hearingTest' action
00:36:04 >> App\Controllers\UserController has been requested a response from 'hearingTest' action
00:37:14 >> App\Controllers\UserController has been requested a response from 'hearingTest' action
00:37:22 >> App\Controllers\UserController has been requested a response from 'hearingTest' action
00:37:23 >> App\Controllers\UserController has been requested a response from 'hearingTest' action
00:37:30 >> App\Controllers\UserController has been requested a response from 'hearingTest' action
00:37:33 >> App\Controllers\UserController has been requested a response from 'hearingTest' action
00:38:05 >> App\Controllers\UserController has been requested a response from 'hearingTest' action
00:38:19 >> App\Controllers\UserController has been requested a response from 'hearingTest' action
00:39:09 >> App\Controllers\UserController has been requested a response from 'hearingTest' action
00:39:10 >> App\Controllers\UserController has been requested a response from 'hearingTest' action
00:39:23 >> App\Controllers\UserController has been requested a response from 'hearingTest' action
00:43:32 >> App\Controllers\UserController has been requested a response from 'hearingTest' action
00:43:35 >> App\Controllers\UserController has been requested a response from 'hearingTest' action
02:13:06 >> App\Controllers\UserController has been requested a response from 'hearingTest' action
02:13:09 >> App\Controllers\UserController has been requested a response from 'hearingTest' action
02:16:17 >> App\Controllers\UserController has been requested a response from 'hearingTest' action
02:17:23 >> App\Controllers\UserController has been requested a response from 'hearingTest' action
02:18:04 >> App\Controllers\UserController has been requested a response from 'hearingTest' action
02:18:05 >> App\Controllers\UserController has been requested a response from 'hearingTest' action
02:18:06 >> App\Controllers\UserController has been requested a response from 'hearingTest' action
02:18:09 >> App\Controllers\UserController has been requested a response from 'hearingTest' action
02:18:11 >> App\Controllers\UserController has been requested a response from 'hearingTest' action
02:18:34 >> App\Controllers\UserController has been requested a response from 'hearingTest' action
02:18:36 >> App\Controllers\UserController has been requested a response from 'hearingTest' action
02:19:38 >> App\Controllers\UserController has been requested a response from 'hearingTest' action
02:20:30 >> App\Controllers\UserController has been requested a response from 'hearingTest' action
02:20:32 >> App\Controllers\UserController has been requested a response from 'hearingTest' action
02:21:02 >> App\Controllers\UserController has been requested a response from 'hearingTest' action
02:21:05 >> App\Controllers\UserController has been requested a response from 'hearingTest' action
02:21:06 >> App\Controllers\UserController has been requested a response from 'hearingTest' action
02:21:14 >> App\Controllers\UserController has been requested a response from 'hearingTest' action
02:21:17 >> App\Controllers\UserController has been requested a response from 'hearingTest' action
02:22:48 >> App\Controllers\UserController has been requested a response from 'hearingTest' action
02:25:12 >> App\Controllers\UserController has been requested a response from 'hearingTest' action
02:25:24 >> App\Controllers\DeveloperController has been requested a response from 'testMethod1' action
02:25:24 >> App\Controllers\DeveloperController has been requested a response from 'testMethod1' action
02:25:27 >> App\Controllers\HomeController has been requested a response from 'login' action
02:26:13 >> App\Controllers\HomeController has been requested a response from 'login' action
02:26:21 >> App\Controllers\HomeController has been requested a response from 'login' action
02:27:39 >> App\Controllers\HomeController has been requested a response from 'login' action
02:27:41 >> App\Controllers\HomeController has been requested a response from 'login' action
02:28:12 >> App\Controllers\HomeController has been requested a response from 'login' action
02:30:12 >> App\Controllers\HomeController has been requested a response from 'login' action
02:30:14 >> App\Controllers\HomeController has been requested a response from 'login' action
02:30:17 >> App\Controllers\HomeController has been requested a response from 'login' action
02:30:19 >> App\Controllers\HomeController has been requested a response from 'login' action
02:30:25 >> App\Controllers\HomeController has been requested a response from 'login' action
02:30:27 >> App\Controllers\HomeController has been requested a response from 'login' action
02:30:29 >> App\Controllers\HomeController has been requested a response from 'login' action
02:30:45 >> App\Controllers\HomeController has been requested a response from 'resetRequest' action
02:30:51 >> App\Controllers\HomeController has been requested a response from 'login' action
02:30:53 >> App\Controllers\HomeController has been requested a response from 'signup' action
02:31:25 >> App\Controllers\HomeController has been requested a response from 'signup' action
02:31:28 >> App\Controllers\HomeController has been requested a response from 'signup' action
02:31:33 >> App\Controllers\HomeController has been requested a response from 'signup' action
02:32:04 >> App\Controllers\HomeController has been requested a response from 'login' action
02:32:19 >> App\Controllers\HomeController has been requested a response from 'login' action
02:34:25 >> App\Controllers\HomeController has been requested a response from 'login' action
02:34:32 >> App\Controllers\HomeController has been requested a response from 'login' action
02:35:13 >> App\Controllers\HomeController has been requested a response from 'login' action
02:35:20 >> App\Controllers\HomeController has been requested a response from 'login' action
02:36:00 >> App\Controllers\HomeController has been requested a response from 'login' action
02:37:20 >> App\Controllers\HomeController has been requested a response from 'login' action
02:37:23 >> App\Controllers\HomeController has been requested a response from 'login' action
02:37:38 >> App\Controllers\DeveloperController has been requested a response from 'testMethod1' action
02:37:38 >> App\Controllers\DeveloperController has been requested a response from 'testMethod1' action
02:37:41 >> App\Controllers\DeveloperController has been requested a response from 'testMethod1' action
02:37:44 >> App\Controllers\HomeController has been requested a response from 'login' action
02:38:32 >> App\Controllers\HomeController has been requested a response from 'login' action
02:38:34 >> App\Controllers\HomeController has been requested a response from 'login' action
02:38:37 >> App\Controllers\HomeController has been requested a response from 'login' action
02:39:35 >> App\Controllers\HomeController has been requested a response from 'login' action
02:39:38 >> App\Controllers\HomeController has been requested a response from 'login' action
02:39:46 >> App\Controllers\HomeController has been requested a response from 'login' action
02:39:55 >> App\Controllers\HomeController has been requested a response from 'login' action
02:40:04 >> App\Controllers\HomeController has been requested a response from 'login' action
02:40:10 >> App\Controllers\HomeController has been requested a response from 'login' action
02:40:33 >> App\Controllers\HomeController has been requested a response from 'login' action
02:40:36 >> App\Controllers\HomeController has been requested a response from 'login' action
02:40:42 >> App\Controllers\HomeController has been requested a response from 'login' action
02:40:49 >> App\Controllers\HomeController has been requested a response from 'login' action
02:41:26 >> App\Controllers\HomeController has been requested a response from 'login' action
02:42:19 >> App\Controllers\HomeController has been requested a response from 'login' action
02:43:06 >> App\Controllers\HomeController has been requested a response from 'login' action
02:44:38 >> App\Controllers\HomeController has been requested a response from 'login' action
02:44:48 >> App\Controllers\HomeController has been requested a response from 'login' action
02:44:59 >> App\Controllers\HomeController has been requested a response from 'login' action
02:45:07 >> App\Controllers\HomeController has been requested a response from 'login' action
02:45:13 >> App\Controllers\HomeController has been requested a response from 'login' action
02:45:21 >> App\Controllers\HomeController has been requested a response from 'login' action
02:45:30 >> App\Controllers\HomeController has been requested a response from 'login' action
02:45:38 >> App\Controllers\HomeController has been requested a response from 'login' action
02:45:53 >> App\Controllers\HomeController has been requested a response from 'login' action
02:46:09 >> App\Controllers\HomeController has been requested a response from 'login' action
02:46:15 >> App\Controllers\HomeController has been requested a response from 'login' action
02:49:14 >> App\Controllers\HomeController has been requested a response from 'login' action
02:49:17 >> App\Controllers\HomeController has been requested a response from 'login' action
02:49:36 >> App\Controllers\HomeController has been requested a response from 'login' action
02:50:01 >> App\Controllers\HomeController has been requested a response from 'login' action
02:50:03 >> App\Controllers\HomeController has been requested a response from 'login' action
02:50:05 >> App\Controllers\HomeController has been requested a response from 'login' action
02:50:41 >> App\Controllers\HomeController has been requested a response from 'login' action
02:51:41 >> App\Controllers\HomeController has been requested a response from 'login' action
02:53:34 >> App\Controllers\HomeController has been requested a response from 'login' action
02:53:36 >> App\Controllers\HomeController has been requested a response from 'login' action
02:53:37 >> App\Controllers\HomeController has been requested a response from 'login' action
02:53:54 >> App\Controllers\HomeController has been requested a response from 'login' action
02:54:01 >> App\Controllers\HomeController has been requested a response from 'login' action
02:54:12 >> App\Controllers\HomeController has been requested a response from 'login' action
02:54:14 >> App\Controllers\HomeController has been requested a response from 'login' action
02:55:28 >> App\Controllers\HomeController has been requested a response from 'login' action
02:55:29 >> App\Controllers\HomeController has been requested a response from 'resetRequest' action
02:55:34 >> App\Controllers\HomeController has been requested a response from 'resetRequest' action
02:55:40 >> App\Controllers\HomeController has been requested a response from 'resetRequest' action
02:55:54 >> App\Controllers\HomeController has been requested a response from 'login' action
02:56:18 >> App\Controllers\HomeController has been requested a response from 'signup' action
02:56:26 >> App\Controllers\HomeController has been requested a response from 'login' action
02:57:35 >> App\Controllers\HomeController has been requested a response from 'login' action
02:57:37 >> App\Controllers\HomeController has been requested a response from 'login' action
02:57:41 >> App\Controllers\HomeController has been requested a response from 'login' action
02:59:11 >> App\Controllers\HomeController has been requested a response from 'login' action
02:59:12 >> App\Controllers\HomeController has been requested a response from 'login' action
02:59:13 >> App\Controllers\HomeController has been requested a response from 'login' action
02:59:45 >> App\Controllers\HomeController has been requested a response from 'login' action
02:59:50 >> App\Controllers\HomeController has been requested a response from 'login' action
02:59:51 >> App\Controllers\HomeController has been requested a response from 'login' action
02:59:56 >> App\Controllers\HomeController has been requested a response from 'login' action
03:00:19 >> App\Controllers\HomeController has been requested a response from 'login' action
03:00:35 >> App\Controllers\HomeController has been requested a response from 'login' action
03:00:40 >> App\Controllers\HomeController has been requested a response from 'resetRequest' action
03:00:43 >> App\Controllers\HomeController has been requested a response from 'login' action
03:00:45 >> App\Controllers\HomeController has been requested a response from 'signup' action
03:01:27 >> App\Controllers\HomeController has been requested a response from 'signup' action
03:01:30 >> App\Controllers\HomeController has been requested a response from 'signup' action
03:01:37 >> App\Controllers\HomeController has been requested a response from 'signup' action
03:01:43 >> App\Controllers\HomeController has been requested a response from 'signup' action
03:02:05 >> App\Controllers\HomeController has been requested a response from 'signup' action
03:02:25 >> App\Controllers\HomeController has been requested a response from 'signup' action
03:02:32 >> App\Controllers\HomeController has been requested a response from 'signup' action
03:03:32 >> App\Controllers\HomeController has been requested a response from 'signup' action
03:03:55 >> App\Controllers\HomeController has been requested a response from 'signup' action
03:06:11 >> App\Controllers\HomeController has been requested a response from 'signup' action
03:06:47 >> App\Controllers\HomeController has been requested a response from 'signup' action
03:09:38 >> App\Controllers\HomeController has been requested a response from 'signup' action
03:10:12 >> App\Controllers\HomeController has been requested a response from 'signup' action
03:11:22 >> App\Controllers\HomeController has been requested a response from 'login' action
03:11:30 >> App\Controllers\HomeController has been requested a response from 'login' action
03:11:48 >> App\Controllers\HomeController has been requested a response from 'signup' action
03:12:36 >> App\Controllers\HomeController has been requested a response from 'signup' action
03:13:42 >> App\Controllers\HomeController has been requested a response from 'signup' action
03:14:34 >> App\Controllers\HomeController has been requested a response from 'signup' action
03:14:40 >> App\Controllers\HomeController has been requested a response from 'signup' action
03:15:25 >> App\Controllers\HomeController has been requested a response from 'login' action
03:17:01 >> App\Controllers\HomeController has been requested a response from 'login' action
03:17:02 >> App\Controllers\HomeController has been requested a response from 'signup' action
03:17:04 >> App\Controllers\HomeController has been requested a response from 'signup' action
03:17:04 >> App\Controllers\HomeController has been requested a response from 'signup' action
03:17:05 >> App\Controllers\HomeController has been requested a response from 'signup' action
03:17:05 >> App\Controllers\HomeController has been requested a response from 'signup' action
03:17:06 >> App\Controllers\HomeController has been requested a response from 'signup' action
03:17:53 >> App\Controllers\HomeController has been requested a response from 'signup' action
03:18:06 >> App\Controllers\HomeController has been requested a response from 'signup' action
03:18:08 >> App\Controllers\HomeController has been requested a response from 'signup' action
03:18:08 >> App\Controllers\HomeController has been requested a response from 'signup' action
03:18:23 >> App\Controllers\HomeController has been requested a response from 'signup' action
03:20:35 >> App\Controllers\HomeController has been requested a response from 'signup' action
03:20:36 >> App\Controllers\HomeController has been requested a response from 'signup' action
03:20:37 >> App\Controllers\HomeController has been requested a response from 'signup' action
03:20:38 >> App\Controllers\HomeController has been requested a response from 'signup' action
03:20:39 >> App\Controllers\HomeController has been requested a response from 'signup' action
03:20:40 >> App\Controllers\HomeController has been requested a response from 'signup' action
03:20:41 >> App\Controllers\HomeController has been requested a response from 'signup' action
03:20:43 >> App\Controllers\HomeController has been requested a response from 'signup' action
03:21:21 >> App\Controllers\HomeController has been requested a response from 'signup' action
03:21:27 >> App\Controllers\HomeController has been requested a response from 'signup' action
03:23:06 >> App\Controllers\HomeController has been requested a response from 'signup' action
03:23:07 >> App\Controllers\HomeController has been requested a response from 'signup' action
03:23:08 >> App\Controllers\HomeController has been requested a response from 'signup' action
03:23:09 >> App\Controllers\HomeController has been requested a response from 'signup' action
03:23:11 >> App\Controllers\HomeController has been requested a response from 'signup' action
03:23:18 >> App\Controllers\HomeController has been requested a response from 'signup' action
03:23:20 >> App\Controllers\HomeController has been requested a response from 'signup' action
03:23:22 >> App\Controllers\HomeController has been requested a response from 'signup' action
03:23:25 >> App\Controllers\HomeController has been requested a response from 'signup' action
03:23:31 >> App\Controllers\HomeController has been requested a response from 'login' action
03:23:34 >> App\Controllers\HomeController has been requested a response from 'signup' action
03:23:39 >> App\Controllers\HomeController has been requested a response from 'login' action
03:23:43 >> App\Controllers\HomeController has been requested a response from 'resetRequest' action
03:23:52 >> App\Controllers\HomeController has been requested a response from 'resetPassword' action
03:24:21 >> App\Controllers\HomeController has been requested a response from 'resetPassword' action
03:24:24 >> App\Controllers\HomeController has been requested a response from 'resetPassword' action
03:24:29 >> App\Controllers\HomeController has been requested a response from 'login' action
03:24:30 >> App\Controllers\HomeController has been requested a response from 'signup' action
03:24:34 >> App\Controllers\HomeController has been requested a response from 'login' action
03:25:24 >> App\Controllers\HomeController has been requested a response from 'login' action
03:25:35 >> App\Controllers\DeveloperController has been requested a response from 'testMethod1' action
03:25:39 >> App\Controllers\UserController has been requested a response from 'hearingTest' action
03:25:45 >> App\Controllers\UserController has been requested a response from 'hearingTest' action
03:25:45 >> App\Controllers\UserController has been requested a response from 'hearingTest' action
03:25:52 >> App\Controllers\UserController has been requested a response from 'hearingTest' action
03:29:10 >> App\Controllers\UserController has been requested a response from 'hearingTest' action
03:29:24 >> App\Controllers\UserController has been requested a response from 'hearingTest' action
03:30:22 >> App\Controllers\UserController has been requested a response from 'hearingTest' action
03:30:31 >> App\Controllers\HomeController has been requested a response from 'login' action
03:30:38 >> App\Controllers\HomeController has been requested a response from 'login' action
03:30:45 >> App\Controllers\HomeController has been requested a response from 'login' action
03:31:08 >> App\Controllers\HomeController has been requested a response from 'login' action
03:31:25 >> App\Controllers\HomeController has been requested a response from 'login' action
03:31:49 >> App\Controllers\HomeController has been requested a response from 'login' action
03:31:55 >> App\Controllers\UserController has been requested a response from 'hearingTest' action
03:32:00 >> App\Controllers\UserController has been requested a response from 'hearingTest' action
03:32:40 >> App\Controllers\UserController has been requested a response from 'hearingTest' action
03:32:41 >> App\Controllers\UserController has been requested a response from 'hearingTest' action
03:32:47 >> App\Controllers\UserController has been requested a response from 'hearingTest' action
03:32:48 >> App\Controllers\UserController has been requested a response from 'hearingTest' action
03:32:54 >> App\Controllers\UserController has been requested a response from 'hearingTest' action
03:33:04 >> App\Controllers\HomeController has been requested a response from 'login' action
03:33:06 >> App\Controllers\UserController has been requested a response from 'hearingTest' action
03:33:09 >> App\Controllers\HomeController has been requested a response from 'login' action
03:33:10 >> App\Controllers\UserController has been requested a response from 'hearingTest' action
03:34:57 >> App\Controllers\UserController has been requested a response from 'hearingTest' action
03:34:59 >> App\Controllers\UserController has been requested a response from 'hearingTest' action
03:35:04 >> App\Controllers\UserController has been requested a response from 'hearingTest' action
03:35:24 >> App\Controllers\UserController has been requested a response from 'hearingTest' action
03:35:39 >> App\Controllers\UserController has been requested a response from 'hearingTest' action
03:37:16 >> App\Controllers\UserController has been requested a response from 'hearingTest' action
03:40:20 >> App\Controllers\UserController has been requested a response from 'hearingTest' action
03:40:22 >> App\Controllers\UserController has been requested a response from 'hearingTest' action
03:40:25 >> App\Controllers\UserController has been requested a response from 'hearingTest' action
03:42:27 >> App\Controllers\UserController has been requested a response from 'hearingTest' action
03:42:33 >> App\Controllers\UserController has been requested a response from 'hearingTest' action
03:42:33 >> App\Controllers\UserController has been requested a response from 'hearingTest' action
03:43:03 >> App\Controllers\UserController has been requested a response from 'hearingTest' action
03:43:42 >> App\Controllers\HomeController has been requested a response from 'login' action
03:43:45 >> App\Controllers\HomeController has been requested a response from 'signup' action
03:43:52 >> App\Controllers\HomeController has been requested a response from 'signup' action
03:45:05 >> App\Controllers\HomeController has been requested a response from 'signup' action
03:45:55 >> App\Controllers\HomeController has been requested a response from 'signup' action
03:46:59 >> App\Controllers\HomeController has been requested a response from 'signup' action
03:47:19 >> App\Controllers\HomeController has been requested a response from 'signup' action
03:47:36 >> App\Controllers\UserController has been requested a response from 'hearingTest' action
03:47:41 >> App\Controllers\UserController has been requested a response from 'hearingTest' action
03:47:42 >> App\Controllers\UserController has been requested a response from 'hearingTest' action
03:48:14 >> App\Controllers\UserController has been requested a response from 'hearingTest' action
03:48:20 >> App\Controllers\HomeController has been requested a response from 'login' action
03:48:25 >> App\Controllers\HomeController has been requested a response from 'resetRequest' action
03:48:58 >> App\Controllers\DeveloperController has been requested a response from 'testMethod1' action
03:49:01 >> App\Controllers\UserController has been requested a response from 'hearingTest' action
03:49:08 >> App\Controllers\UserController has been requested a response from 'hearingTest' action
03:50:05 >> App\Controllers\UserController has been requested a response from 'hearingTest' action
03:51:25 >> App\Controllers\UserController has been requested a response from 'hearingTest' action
03:53:05 >> App\Controllers\UserController has been requested a response from 'hearingTest' action
03:54:11 >> App\Controllers\UserController has been requested a response from 'hearingTest' action
03:54:13 >> App\Controllers\UserController has been requested a response from 'hearingTest' action
03:56:13 >> App\Controllers\UserController has been requested a response from 'hearingTest' action
03:56:53 >> App\Controllers\UserController has been requested a response from 'hearingTest' action
03:56:56 >> App\Controllers\UserController has been requested a response from 'hearingTest' action
03:57:19 >> App\Controllers\UserController has been requested a response from 'hearingTest' action
03:57:34 >> App\Controllers\UserController has been requested a response from 'hearingTest' action
03:59:17 >> App\Controllers\UserController has been requested a response from 'hearingTest' action
03:59:20 >> App\Controllers\UserController has been requested a response from 'hearingTest' action
04:00:54 >> App\Controllers\UserController has been requested a response from 'hearingTest' action
04:01:00 >> App\Controllers\UserController has been requested a response from 'hearingTest' action
06:07:20 >> App\Controllers\UserController has been requested a response from 'hearingTest' action
06:09:30 >> App\Controllers\UserController has been requested a response from 'hearingTest' action
06:09:40 >> App\Controllers\UserController has been requested a response from 'hearingTest' action
06:11:37 >> App\Controllers\UserController has been requested a response from 'hearingTest' action
06:11:43 >> App\Controllers\UserController has been requested a response from 'hearingTest' action
06:12:52 >> App\Controllers\UserController has been requested a response from 'hearingTest' action
06:12:54 >> App\Controllers\UserController has been requested a response from 'hearingTest' action
06:13:32 >> App\Controllers\UserController has been requested a response from 'hearingTest' action
06:16:19 >> App\Controllers\UserController has been requested a response from 'hearingTest' action
06:16:44 >> App\Controllers\UserController has been requested a response from 'hearingTest' action
06:16:47 >> App\Controllers\UserController has been requested a response from 'hearingTest' action
06:19:36 >> App\Controllers\UserController has been requested a response from 'hearingTest' action
06:19:39 >> App\Controllers\UserController has been requested a response from 'hearingTest' action
06:20:06 >> App\Controllers\UserController has been requested a response from 'hearingTest' action
06:20:12 >> App\Controllers\UserController has been requested a response from 'hearingTest' action
06:21:39 >> App\Controllers\UserController has been requested a response from 'hearingTest' action
06:22:03 >> App\Controllers\UserController has been requested a response from 'hearingTest' action
06:22:22 >> App\Controllers\UserController has been requested a response from 'hearingTest' action
06:22:46 >> App\Controllers\UserController has been requested a response from 'hearingTest' action
06:27:00 >> App\Controllers\UserController has been requested a response from 'hearingTest' action
19:39:59 >> App\Controllers\UserController has been requested a response from 'hearingTest' action
23:16:39 >> App\Controllers\UserController has been requested a response from 'hearingTest' action
23:16:43 >> App\Controllers\UserController has been requested a response from 'hearingTest' action
23:17:54 >> App\Controllers\HomeController has been requested a response from 'login' action
23:18:48 >> App\Controllers\HomeController has been requested a response from 'login' action
23:19:25 >> App\Controllers\HomeController has been requested a response from 'login' action
23:26:28 >> App\Controllers\HomeController has been requested a response from 'login' action
23:26:41 >> App\Controllers\HomeController has been requested a response from 'login' action
23:27:22 >> App\Controllers\HomeController has been requested a response from 'login' action
23:29:39 >> App\Controllers\HomeController has been requested a response from 'signup' action
23:30:46 >> App\Controllers\HomeController has been requested a response from 'signup' action
23:46:10 >> App\Controllers\UserController has been requested a response from 'hearingTest' action
23:52:35 >> App\Controllers\HomeController has been requested a response from 'signup' action
23:53:04 >> App\Controllers\HomeController has been requested a response from 'signup' action
