23:29:43 >> Folder paths MUST end with / on C:/wamp64/www/oidoabsoluto/src/Pipeline/Buildin/ : Scripts
23:29:43 >> Folder paths MUST end with / on C:/wamp64/www/oidoabsoluto/src/Pipeline/Buildin/ : Scripts
23:29:43 >> 500 responded with 'Undefined index: renderTemplate'
23:29:43 >> 500 responded with 'Undefined index: renderTemplate'
23:29:43 >> Folder paths MUST end with / on C:/wamp64/www/oidoabsoluto/src/Pipeline/Buildin/ : Scripts
23:29:43 >> Folder paths MUST end with / on C:/wamp64/www/oidoabsoluto/src/Pipeline/Buildin/ : Scripts
23:36:29 >> Folder paths MUST end with / on C:/wamp64/www/oidoabsoluto/src/Pipeline/Buildin/ : Scripts
23:36:29 >> Folder paths MUST end with / on C:/wamp64/www/oidoabsoluto/src/Pipeline/Buildin/ : Scripts
23:36:29 >> 500 responded with 'Trying to render the component ":piano" failed. <br>
            Unregistered component. Check your view/components files.'
23:36:29 >> 500 responded with 'Trying to render the component ":piano" failed. <br>
            Unregistered component. Check your view/components files.'
23:36:29 >> Folder paths MUST end with / on C:/wamp64/www/oidoabsoluto/src/Pipeline/Buildin/ : Scripts
23:36:29 >> Folder paths MUST end with / on C:/wamp64/www/oidoabsoluto/src/Pipeline/Buildin/ : Scripts
23:38:40 >> Folder paths MUST end with / on C:/wamp64/www/oidoabsoluto/src/Pipeline/Buildin/ : Scripts
23:38:40 >> Folder paths MUST end with / on C:/wamp64/www/oidoabsoluto/src/Pipeline/Buildin/ : Scripts
23:38:40 >> 500 responded with 'Trying to render the component ":piano" failed. <br>
            Unregistered component. Check your view/components files.'
23:38:40 >> 500 responded with 'Trying to render the component ":piano" failed. <br>
            Unregistered component. Check your view/components files.'
23:38:40 >> Folder paths MUST end with / on C:/wamp64/www/oidoabsoluto/src/Pipeline/Buildin/ : Scripts
23:38:40 >> Folder paths MUST end with / on C:/wamp64/www/oidoabsoluto/src/Pipeline/Buildin/ : Scripts
23:39:13 >> Folder paths MUST end with / on C:/wamp64/www/oidoabsoluto/src/Pipeline/Buildin/ : Scripts
23:39:13 >> Folder paths MUST end with / on C:/wamp64/www/oidoabsoluto/src/Pipeline/Buildin/ : Scripts
23:39:13 >> 500 responded with 'Trying to render the component ":piano" failed. <br>
            Unregistered component. Check your view/components files.'
23:39:13 >> 500 responded with 'Trying to render the component ":piano" failed. <br>
            Unregistered component. Check your view/components files.'
23:39:13 >> Folder paths MUST end with / on C:/wamp64/www/oidoabsoluto/src/Pipeline/Buildin/ : Scripts
23:39:13 >> Folder paths MUST end with / on C:/wamp64/www/oidoabsoluto/src/Pipeline/Buildin/ : Scripts
23:39:30 >> Folder paths MUST end with / on C:/wamp64/www/oidoabsoluto/src/Pipeline/Buildin/ : Scripts
23:39:30 >> Folder paths MUST end with / on C:/wamp64/www/oidoabsoluto/src/Pipeline/Buildin/ : Scripts
23:39:30 >> 500 responded with 'The component [js-button] is missing the required attribute: [function]'
23:39:30 >> 500 responded with 'The component [js-button] is missing the required attribute: [function]'
23:39:30 >> Folder paths MUST end with / on C:/wamp64/www/oidoabsoluto/src/Pipeline/Buildin/ : Scripts
23:39:30 >> Folder paths MUST end with / on C:/wamp64/www/oidoabsoluto/src/Pipeline/Buildin/ : Scripts
23:40:48 >> Folder paths MUST end with / on C:/wamp64/www/oidoabsoluto/src/Pipeline/Buildin/ : Scripts
23:40:48 >> Folder paths MUST end with / on C:/wamp64/www/oidoabsoluto/src/Pipeline/Buildin/ : Scripts
23:40:48 >> Folder paths MUST end with / on C:/wamp64/www/oidoabsoluto/src/Pipeline/Buildin/ : Scripts
23:40:48 >> Folder paths MUST end with / on C:/wamp64/www/oidoabsoluto/src/Pipeline/Buildin/ : Scripts
23:41:05 >> Folder paths MUST end with / on C:/wamp64/www/oidoabsoluto/src/Pipeline/Buildin/ : Scripts
23:41:05 >> Folder paths MUST end with / on C:/wamp64/www/oidoabsoluto/src/Pipeline/Buildin/ : Scripts
23:41:06 >> Folder paths MUST end with / on C:/wamp64/www/oidoabsoluto/src/Pipeline/Buildin/ : Scripts
23:41:06 >> Folder paths MUST end with / on C:/wamp64/www/oidoabsoluto/src/Pipeline/Buildin/ : Scripts
23:41:27 >> Folder paths MUST end with / on C:/wamp64/www/oidoabsoluto/src/Pipeline/Buildin/ : Scripts
23:41:27 >> Folder paths MUST end with / on C:/wamp64/www/oidoabsoluto/src/Pipeline/Buildin/ : Scripts
23:42:08 >> Folder paths MUST end with / on C:/wamp64/www/oidoabsoluto/src/Pipeline/Buildin/ : Scripts
23:42:08 >> Folder paths MUST end with / on C:/wamp64/www/oidoabsoluto/src/Pipeline/Buildin/ : Scripts
23:42:10 >> Folder paths MUST end with / on C:/wamp64/www/oidoabsoluto/src/Pipeline/Buildin/ : Scripts
23:42:10 >> Folder paths MUST end with / on C:/wamp64/www/oidoabsoluto/src/Pipeline/Buildin/ : Scripts
23:42:11 >> Folder paths MUST end with / on C:/wamp64/www/oidoabsoluto/src/Pipeline/Buildin/ : Scripts
23:42:11 >> Folder paths MUST end with / on C:/wamp64/www/oidoabsoluto/src/Pipeline/Buildin/ : Scripts
23:42:12 >> Folder paths MUST end with / on C:/wamp64/www/oidoabsoluto/src/Pipeline/Buildin/ : Scripts
23:42:12 >> Folder paths MUST end with / on C:/wamp64/www/oidoabsoluto/src/Pipeline/Buildin/ : Scripts
23:42:13 >> Folder paths MUST end with / on C:/wamp64/www/oidoabsoluto/src/Pipeline/Buildin/ : Scripts
23:42:13 >> Folder paths MUST end with / on C:/wamp64/www/oidoabsoluto/src/Pipeline/Buildin/ : Scripts
23:42:14 >> Folder paths MUST end with / on C:/wamp64/www/oidoabsoluto/src/Pipeline/Buildin/ : Scripts
23:42:14 >> Folder paths MUST end with / on C:/wamp64/www/oidoabsoluto/src/Pipeline/Buildin/ : Scripts
23:54:44 >> Folder paths MUST end with / on C:/wamp64/www/oidoabsoluto/src/Pipeline/Buildin/ : Scripts
23:54:44 >> Folder paths MUST end with / on C:/wamp64/www/oidoabsoluto/src/Pipeline/Buildin/ : Scripts
23:54:45 >> Folder paths MUST end with / on C:/wamp64/www/oidoabsoluto/src/Pipeline/Buildin/ : Scripts
23:54:45 >> Folder paths MUST end with / on C:/wamp64/www/oidoabsoluto/src/Pipeline/Buildin/ : Scripts
23:54:49 >> Folder paths MUST end with / on C:/wamp64/www/oidoabsoluto/src/Pipeline/Buildin/ : Scripts
23:54:49 >> Folder paths MUST end with / on C:/wamp64/www/oidoabsoluto/src/Pipeline/Buildin/ : Scripts
23:55:12 >> Folder paths MUST end with / on C:/wamp64/www/oidoabsoluto/src/Pipeline/Buildin/ : Scripts
23:55:12 >> Folder paths MUST end with / on C:/wamp64/www/oidoabsoluto/src/Pipeline/Buildin/ : Scripts
23:57:38 >> Folder paths MUST end with / on C:/wamp64/www/oidoabsoluto/src/Pipeline/Buildin/ : Scripts
23:57:38 >> Folder paths MUST end with / on C:/wamp64/www/oidoabsoluto/src/Pipeline/Buildin/ : Scripts
23:58:20 >> Folder paths MUST end with / on C:/wamp64/www/oidoabsoluto/src/Pipeline/Buildin/ : Scripts
23:58:20 >> Folder paths MUST end with / on C:/wamp64/www/oidoabsoluto/src/Pipeline/Buildin/ : Scripts
23:58:21 >> Folder paths MUST end with / on C:/wamp64/www/oidoabsoluto/src/Pipeline/Buildin/ : Scripts
23:58:21 >> Folder paths MUST end with / on C:/wamp64/www/oidoabsoluto/src/Pipeline/Buildin/ : Scripts
23:58:22 >> Folder paths MUST end with / on C:/wamp64/www/oidoabsoluto/src/Pipeline/Buildin/ : Scripts
23:58:22 >> Folder paths MUST end with / on C:/wamp64/www/oidoabsoluto/src/Pipeline/Buildin/ : Scripts
23:58:23 >> Folder paths MUST end with / on C:/wamp64/www/oidoabsoluto/src/Pipeline/Buildin/ : Scripts
23:58:23 >> Folder paths MUST end with / on C:/wamp64/www/oidoabsoluto/src/Pipeline/Buildin/ : Scripts
23:58:28 >> Folder paths MUST end with / on C:/wamp64/www/oidoabsoluto/src/Pipeline/Buildin/ : Scripts
23:58:28 >> Folder paths MUST end with / on C:/wamp64/www/oidoabsoluto/src/Pipeline/Buildin/ : Scripts
23:58:29 >> Folder paths MUST end with / on C:/wamp64/www/oidoabsoluto/src/Pipeline/Buildin/ : Scripts
23:58:29 >> Folder paths MUST end with / on C:/wamp64/www/oidoabsoluto/src/Pipeline/Buildin/ : Scripts
23:58:38 >> Folder paths MUST end with / on C:/wamp64/www/oidoabsoluto/src/Pipeline/Buildin/ : Scripts
23:58:38 >> Folder paths MUST end with / on C:/wamp64/www/oidoabsoluto/src/Pipeline/Buildin/ : Scripts
23:58:38 >> Folder paths MUST end with / on C:/wamp64/www/oidoabsoluto/src/Pipeline/Buildin/ : Scripts
23:58:38 >> Folder paths MUST end with / on C:/wamp64/www/oidoabsoluto/src/Pipeline/Buildin/ : Scripts
23:58:52 >> Folder paths MUST end with / on C:/wamp64/www/oidoabsoluto/src/Pipeline/Buildin/ : Scripts
23:58:52 >> Folder paths MUST end with / on C:/wamp64/www/oidoabsoluto/src/Pipeline/Buildin/ : Scripts
23:58:52 >> Folder paths MUST end with / on C:/wamp64/www/oidoabsoluto/src/Pipeline/Buildin/ : Scripts
23:58:52 >> Folder paths MUST end with / on C:/wamp64/www/oidoabsoluto/src/Pipeline/Buildin/ : Scripts
23:59:29 >> Folder paths MUST end with / on C:/wamp64/www/oidoabsoluto/src/Pipeline/Buildin/ : Scripts
23:59:29 >> Folder paths MUST end with / on C:/wamp64/www/oidoabsoluto/src/Pipeline/Buildin/ : Scripts
