10:35:17 >> 500 responded with 'Invalid resource name [C:/wamp64/www/oidoabsoluto/app/Views/User/questions.phtml] to include as string. Check your API files.Cannot find: C:/wamp64/www/oidoabsoluto/app/Views/User/questions.phtml from: __construct()'
10:35:17 >> 500 responded with 'Invalid resource name [C:/wamp64/www/oidoabsoluto/app/Views/User/questions.phtml] to include as string. Check your API files.Cannot find: C:/wamp64/www/oidoabsoluto/app/Views/User/questions.phtml from: __construct()'
10:35:37 >> 500 responded with 'Invalid resource name [C:/wamp64/www/oidoabsoluto/app/Views/User/questions.phtml] to include as string. Check your API files.<br>Cannot find: C:/wamp64/www/oidoabsoluto/app/Views/User/questions.phtml from: __construct()'
10:35:37 >> 500 responded with 'Invalid resource name [C:/wamp64/www/oidoabsoluto/app/Views/User/questions.phtml] to include as string. Check your API files.<br>Cannot find: C:/wamp64/www/oidoabsoluto/app/Views/User/questions.phtml from: __construct()'
04:35:37 >> 500 responded with 'Invalid component keyvalue in their attributes.'
04:35:37 >> 500 responded with 'Invalid component keyvalue in their attributes.'
10:35:43 >> 500 responded with 'Invalid resource name [C:/wamp64/www/oidoabsoluto/app/Views/User/questions.phtml] to include as string. Check your API files.<br>Cannot find: C:/wamp64/www/oidoabsoluto/app/Views/User/questions.phtml from: __construct()'
10:35:43 >> 500 responded with 'Invalid resource name [C:/wamp64/www/oidoabsoluto/app/Views/User/questions.phtml] to include as string. Check your API files.<br>Cannot find: C:/wamp64/www/oidoabsoluto/app/Views/User/questions.phtml from: __construct()'
04:35:43 >> 500 responded with 'Invalid component keyvalue in their attributes.'
04:35:43 >> 500 responded with 'Invalid component keyvalue in their attributes.'
10:35:49 >> 500 responded with 'Invalid resource name [C:/wamp64/www/oidoabsoluto/app/Views/User/questions.phtml] to include as string. Check your API files.Cannot find: C:/wamp64/www/oidoabsoluto/app/Views/User/questions.phtml from: __construct()'
10:35:49 >> 500 responded with 'Invalid resource name [C:/wamp64/www/oidoabsoluto/app/Views/User/questions.phtml] to include as string. Check your API files.Cannot find: C:/wamp64/www/oidoabsoluto/app/Views/User/questions.phtml from: __construct()'
10:36:15 >> 500 responded with 'Invalid resource name [C:/wamp64/www/oidoabsoluto/app/Views/User/questions.phtml] to include as string. Check your API files.<br>Cannot find: C:/wamp64/www/oidoabsoluto/app/Views/User/questions.phtml from: __construct()'
10:36:15 >> 500 responded with 'Invalid resource name [C:/wamp64/www/oidoabsoluto/app/Views/User/questions.phtml] to include as string. Check your API files.<br>Cannot find: C:/wamp64/www/oidoabsoluto/app/Views/User/questions.phtml from: __construct()'
04:36:15 >> 500 responded with 'Invalid component keyvalue in their attributes.'
04:36:15 >> 500 responded with 'Invalid component keyvalue in their attributes.'
10:36:24 >> 500 responded with 'Invalid resource name [C:/wamp64/www/oidoabsoluto/app/Views/User/questions.phtml] to include as string. Check your API files.
Cannot find: C:/wamp64/www/oidoabsoluto/app/Views/User/questions.phtml from: __construct()'
10:36:24 >> 500 responded with 'Invalid resource name [C:/wamp64/www/oidoabsoluto/app/Views/User/questions.phtml] to include as string. Check your API files.
Cannot find: C:/wamp64/www/oidoabsoluto/app/Views/User/questions.phtml from: __construct()'
10:37:22 >> 500 responded with 'Invalid resource name [C:/wamp64/www/oidoabsoluto/app/Views/User/questions.phtml] to include as string. Check your API files.<br>Cannot find: C:/wamp64/www/oidoabsoluto/app/Views/User/questions.phtml from: __construct()'
10:37:22 >> 500 responded with 'Invalid resource name [C:/wamp64/www/oidoabsoluto/app/Views/User/questions.phtml] to include as string. Check your API files.<br>Cannot find: C:/wamp64/www/oidoabsoluto/app/Views/User/questions.phtml from: __construct()'
04:37:22 >> 500 responded with 'Invalid component keyvalue in their attributes.'
04:37:22 >> 500 responded with 'Invalid component keyvalue in their attributes.'
10:39:12 >> 500 responded with '<p>Invalid resource name [C:/wamp64/www/oidoabsoluto/app/Views/User/questions.phtml] to include as string. Check your API files.</p><p>Cannot find: C:/wamp64/www/oidoabsoluto/app/Views/User/questions.phtml from: __construct()</p>'
10:39:12 >> 500 responded with '<p>Invalid resource name [C:/wamp64/www/oidoabsoluto/app/Views/User/questions.phtml] to include as string. Check your API files.</p><p>Cannot find: C:/wamp64/www/oidoabsoluto/app/Views/User/questions.phtml from: __construct()</p>'
04:39:12 >> 500 responded with 'Invalid component keyvalue in their attributes.'
04:39:12 >> 500 responded with 'Invalid component keyvalue in their attributes.'
10:39:15 >> 500 responded with '<p>Invalid resource name [C:/wamp64/www/oidoabsoluto/app/Views/User/questions.phtml] to include as string. Check your API files.</p><p>Cannot find: C:/wamp64/www/oidoabsoluto/app/Views/User/questions.phtml from: __construct()</p>'
10:39:15 >> 500 responded with '<p>Invalid resource name [C:/wamp64/www/oidoabsoluto/app/Views/User/questions.phtml] to include as string. Check your API files.</p><p>Cannot find: C:/wamp64/www/oidoabsoluto/app/Views/User/questions.phtml from: __construct()</p>'
04:39:15 >> 500 responded with 'Invalid component keyvalue in their attributes.'
04:39:15 >> 500 responded with 'Invalid component keyvalue in their attributes.'
10:39:28 >> 500 responded with 'Invalid resource name [C:/wamp64/www/oidoabsoluto/app/Views/User/questions.phtml] to include as string. Check your API files.Cannot find: C:/wamp64/www/oidoabsoluto/app/Views/User/questions.phtml from: __construct()'
10:39:28 >> 500 responded with 'Invalid resource name [C:/wamp64/www/oidoabsoluto/app/Views/User/questions.phtml] to include as string. Check your API files.Cannot find: C:/wamp64/www/oidoabsoluto/app/Views/User/questions.phtml from: __construct()'
10:39:56 >> 500 responded with 'Invalid resource name [C:/wamp64/www/oidoabsoluto/app/Views/User/questions.phtml] to include as string. Check your API files.<br>Cannot find: C:/wamp64/www/oidoabsoluto/app/Views/User/questions.phtml from: __construct()'
10:39:56 >> 500 responded with 'Invalid resource name [C:/wamp64/www/oidoabsoluto/app/Views/User/questions.phtml] to include as string. Check your API files.<br>Cannot find: C:/wamp64/www/oidoabsoluto/app/Views/User/questions.phtml from: __construct()'
04:39:56 >> 500 responded with 'Invalid component keyvalue in their attributes.'
04:39:56 >> 500 responded with 'Invalid component keyvalue in their attributes.'
10:40:25 >> 500 responded with 'Invalid resource name [C:/wamp64/www/oidoabsoluto/app/Views/User/questions.phtml] to include as string. Check your API files.<br>Cannot find: C:/wamp64/www/oidoabsoluto/app/Views/User/questions.phtml from: __construct()'
10:40:25 >> 500 responded with 'Invalid resource name [C:/wamp64/www/oidoabsoluto/app/Views/User/questions.phtml] to include as string. Check your API files.<br>Cannot find: C:/wamp64/www/oidoabsoluto/app/Views/User/questions.phtml from: __construct()'
10:41:09 >> 500 responded with 'Invalid resource name [C:/wamp64/www/oidoabsoluto/app/Views/User/questions.phtml] to include as string. Check your API files.<br>Cannot find: C:/wamp64/www/oidoabsoluto/app/Views/User/questions.phtml from: __construct()'
10:41:09 >> 500 responded with 'Invalid resource name [C:/wamp64/www/oidoabsoluto/app/Views/User/questions.phtml] to include as string. Check your API files.<br>Cannot find: C:/wamp64/www/oidoabsoluto/app/Views/User/questions.phtml from: __construct()'
10:41:10 >> 500 responded with 'Invalid resource name [C:/wamp64/www/oidoabsoluto/app/Views/User/questions.phtml] to include as string. Check your API files.<br>Cannot find: C:/wamp64/www/oidoabsoluto/app/Views/User/questions.phtml from: __construct()'
10:41:10 >> 500 responded with 'Invalid resource name [C:/wamp64/www/oidoabsoluto/app/Views/User/questions.phtml] to include as string. Check your API files.<br>Cannot find: C:/wamp64/www/oidoabsoluto/app/Views/User/questions.phtml from: __construct()'
10:42:30 >> 500 responded with 'Invalid resource name [C:/wamp64/www/oidoabsoluto/app/Views/User/questions.phtml] to include as string. Check your API files.<br>Cannot find: C:/wamp64/www/oidoabsoluto/app/Views/User/questions.phtml from: __construct()'
10:42:30 >> 500 responded with 'Invalid resource name [C:/wamp64/www/oidoabsoluto/app/Views/User/questions.phtml] to include as string. Check your API files.<br>Cannot find: C:/wamp64/www/oidoabsoluto/app/Views/User/questions.phtml from: __construct()'
10:42:31 >> 500 responded with 'Invalid resource name [C:/wamp64/www/oidoabsoluto/app/Views/User/questions.phtml] to include as string. Check your API files.<br>Cannot find: C:/wamp64/www/oidoabsoluto/app/Views/User/questions.phtml from: __construct()'
10:42:31 >> 500 responded with 'Invalid resource name [C:/wamp64/www/oidoabsoluto/app/Views/User/questions.phtml] to include as string. Check your API files.<br>Cannot find: C:/wamp64/www/oidoabsoluto/app/Views/User/questions.phtml from: __construct()'
04:42:31 >> 500 responded with 'Invalid component keyvalue in their attributes.'
04:42:31 >> 500 responded with 'Invalid component keyvalue in their attributes.'
10:42:33 >> 500 responded with 'Invalid resource name [C:/wamp64/www/oidoabsoluto/app/Views/User/questions.phtml] to include as string. Check your API files.<br>Cannot find: C:/wamp64/www/oidoabsoluto/app/Views/User/questions.phtml from: __construct()'
10:42:33 >> 500 responded with 'Invalid resource name [C:/wamp64/www/oidoabsoluto/app/Views/User/questions.phtml] to include as string. Check your API files.<br>Cannot find: C:/wamp64/www/oidoabsoluto/app/Views/User/questions.phtml from: __construct()'
04:42:37 >> 500 responded with 'Invalid component keyvalue in their attributes.'
04:42:37 >> 500 responded with 'Invalid component keyvalue in their attributes.'
10:42:57 >> 500 responded with 'Invalid resource name [C:/wamp64/www/oidoabsoluto/app/Views/User/questions.phtml] to include as string. Check your API files.<br>Cannot find: C:/wamp64/www/oidoabsoluto/app/Views/User/questions.phtml from: __construct()'
10:42:57 >> 500 responded with 'Invalid resource name [C:/wamp64/www/oidoabsoluto/app/Views/User/questions.phtml] to include as string. Check your API files.<br>Cannot find: C:/wamp64/www/oidoabsoluto/app/Views/User/questions.phtml from: __construct()'
04:42:57 >> 500 responded with 'Invalid component keyvalue in their attributes.'
04:42:57 >> 500 responded with 'Invalid component keyvalue in their attributes.'
10:42:58 >> 500 responded with 'Invalid resource name [C:/wamp64/www/oidoabsoluto/app/Views/User/questions.phtml] to include as string. Check your API files.<br>Cannot find: C:/wamp64/www/oidoabsoluto/app/Views/User/questions.phtml from: __construct()'
10:42:58 >> 500 responded with 'Invalid resource name [C:/wamp64/www/oidoabsoluto/app/Views/User/questions.phtml] to include as string. Check your API files.<br>Cannot find: C:/wamp64/www/oidoabsoluto/app/Views/User/questions.phtml from: __construct()'
10:46:22 >> 500 responded with 'Invalid resource name [C:/wamp64/www/oidoabsoluto/app/Views/User/questions.phtml] to include as string. Check your API files.<br>Cannot find: C:/wamp64/www/oidoabsoluto/app/Views/User/questions.phtml from: __construct()'
10:46:22 >> 500 responded with 'Invalid resource name [C:/wamp64/www/oidoabsoluto/app/Views/User/questions.phtml] to include as string. Check your API files.<br>Cannot find: C:/wamp64/www/oidoabsoluto/app/Views/User/questions.phtml from: __construct()'
10:46:22 >> 500 responded with 'Invalid resource name [C:/wamp64/www/oidoabsoluto/app/Views/User/questions.phtml] to include as string. Check your API files.<br>Cannot find: C:/wamp64/www/oidoabsoluto/app/Views/User/questions.phtml from: __construct()'
10:46:22 >> 500 responded with 'Invalid resource name [C:/wamp64/www/oidoabsoluto/app/Views/User/questions.phtml] to include as string. Check your API files.<br>Cannot find: C:/wamp64/www/oidoabsoluto/app/Views/User/questions.phtml from: __construct()'
10:46:24 >> 500 responded with 'Invalid resource name [C:/wamp64/www/oidoabsoluto/app/Views/User/questions.phtml] to include as string. Check your API files.<br>Cannot find: C:/wamp64/www/oidoabsoluto/app/Views/User/questions.phtml from: __construct()'
10:46:24 >> 500 responded with 'Invalid resource name [C:/wamp64/www/oidoabsoluto/app/Views/User/questions.phtml] to include as string. Check your API files.<br>Cannot find: C:/wamp64/www/oidoabsoluto/app/Views/User/questions.phtml from: __construct()'
