[2022.01.20-01:44:42] Cosmic Console Environment 1.0 is starting...
[2022.01.20-01:44:42] ConfigurationProvider has finished.
[2022.01.20-01:44:42] LoggingProvider has finished.
[2022.01.20-01:44:42] ErrorHandlingProvider has finished.
[2022.01.20-01:44:42] Cosmic Console Environment 1.0 is ready...
[2022.01.20-02:05:21] Cosmic Console Environment 1.0 is starting...
[2022.01.20-02:05:21] ConfigurationProvider has finished.
[2022.01.20-02:05:21] LoggingProvider has finished.
[2022.01.20-02:05:21] ErrorHandlingProvider has finished.
[2022.01.20-02:05:21] Cosmic Console Environment 1.0 is ready...
[2022.01.20-02:05:33] Cosmic Console Environment 1.0 is starting...
[2022.01.20-02:05:33] ConfigurationProvider has finished.
[2022.01.20-02:05:33] LoggingProvider has finished.
[2022.01.20-02:05:33] ErrorHandlingProvider has finished.
[2022.01.20-02:05:33] Cosmic Console Environment 1.0 is ready...
[2022.01.20-02:06:39] Cosmic Console Environment 1.0 is starting...
[2022.01.20-02:06:39] ConfigurationProvider has finished.
[2022.01.20-02:06:39] LoggingProvider has finished.
[2022.01.20-02:06:39] ErrorHandlingProvider has finished.
[2022.01.20-02:06:39] Cosmic Console Environment 1.0 is ready...
[2022.01.20-02:12:38] Cosmic Console Environment 1.0 is starting...
[2022.01.20-02:12:38] ConfigurationProvider has finished.
[2022.01.20-02:12:38] LoggingProvider has finished.
[2022.01.20-02:12:38] ErrorHandlingProvider has finished.
[2022.01.20-02:12:38] Cosmic Console Environment 1.0 is ready...
[2022.01.20-02:35:21] Cosmic Console Environment 1.0 is starting...
[2022.01.20-02:35:21] ConfigurationProvider has finished.
[2022.01.20-02:35:21] LoggingProvider has finished.
[2022.01.20-02:35:21] ErrorHandlingProvider has finished.
[2022.01.20-02:35:21] Cosmic Console Environment 1.0 is ready...
[2022.01.20-02:36:38] Cosmic Console Environment 1.0 is starting...
[2022.01.20-02:36:38] ConfigurationProvider has finished.
[2022.01.20-02:36:38] LoggingProvider has finished.
[2022.01.20-02:36:38] ErrorHandlingProvider has finished.
[2022.01.20-02:36:38] Cosmic Console Environment 1.0 is ready...
