[2022.01.19-03:34:10] Cosmic Console Environment 1.0 is starting...
[2022.01.19-03:34:10] ConfigurationProvider has finished.
[2022.01.19-03:34:10] LoggingProvider has finished.
[2022.01.19-03:34:10] ErrorHandlingProvider has finished.
[2022.01.19-03:34:10] Cosmic Console Environment 1.0 is ready...
[2022.01.19-03:34:38] Cosmic Console Environment 1.0 is starting...
[2022.01.19-03:34:38] ConfigurationProvider has finished.
[2022.01.19-03:34:38] LoggingProvider has finished.
[2022.01.19-03:34:38] ErrorHandlingProvider has finished.
[2022.01.19-03:34:38] Cosmic Console Environment 1.0 is ready...
[2022.01.19-03:35:07] Cosmic Console Environment 1.0 is starting...
[2022.01.19-03:35:07] ConfigurationProvider has finished.
[2022.01.19-03:35:07] LoggingProvider has finished.
[2022.01.19-03:35:07] ErrorHandlingProvider has finished.
[2022.01.19-03:35:07] Cosmic Console Environment 1.0 is ready...
[2022.01.19-03:43:49] Cosmic Console Environment 1.0 is starting...
[2022.01.19-03:43:49] ConfigurationProvider has finished.
[2022.01.19-03:43:49] LoggingProvider has finished.
[2022.01.19-03:43:49] ErrorHandlingProvider has finished.
[2022.01.19-03:43:49] Cosmic Console Environment 1.0 is ready...
[2022.01.19-03:44:50] Cosmic Console Environment 1.0 is starting...
[2022.01.19-03:44:50] ConfigurationProvider has finished.
[2022.01.19-03:44:50] LoggingProvider has finished.
[2022.01.19-03:44:50] ErrorHandlingProvider has finished.
[2022.01.19-03:44:50] Cosmic Console Environment 1.0 is ready...
[2022.01.19-03:44:50] $this->childre
[2022.01.19-03:45:07] Cosmic Console Environment 1.0 is starting...
[2022.01.19-03:45:07] ConfigurationProvider has finished.
[2022.01.19-03:45:07] LoggingProvider has finished.
[2022.01.19-03:45:07] ErrorHandlingProvider has finished.
[2022.01.19-03:45:07] Cosmic Console Environment 1.0 is ready...
[2022.01.19-03:45:07] $this->childre
[2022.01.19-03:45:40] Cosmic Console Environment 1.0 is starting...
[2022.01.19-03:45:40] ConfigurationProvider has finished.
[2022.01.19-03:45:40] LoggingProvider has finished.
[2022.01.19-03:45:40] ErrorHandlingProvider has finished.
[2022.01.19-03:45:40] Cosmic Console Environment 1.0 is ready...
[2022.01.19-03:45:40] $this->children
[2022.01.19-03:46:06] Cosmic Console Environment 1.0 is starting...
[2022.01.19-03:46:06] ConfigurationProvider has finished.
[2022.01.19-03:46:06] LoggingProvider has finished.
[2022.01.19-03:46:06] ErrorHandlingProvider has finished.
[2022.01.19-03:46:06] Cosmic Console Environment 1.0 is ready...
[2022.01.19-03:46:06] $this->children
