[2022.01.16-07:22:45] Cosmic Console Environment 1.0 is starting...
[2022.01.16-07:22:45] ConfigurationProvider has finished.
[2022.01.16-07:22:45] LoggingProvider has finished.
[2022.01.16-07:22:45] ErrorHandlingProvider has finished.
[2022.01.16-07:22:45] Cosmic Console Environment 1.0 is ready...
[2022.01.16-07:22:49] Cosmic Console Environment 1.0 is starting...
[2022.01.16-07:22:49] ConfigurationProvider has finished.
[2022.01.16-07:22:49] LoggingProvider has finished.
[2022.01.16-07:22:49] ErrorHandlingProvider has finished.
[2022.01.16-07:22:49] Cosmic Console Environment 1.0 is ready...
[2022.01.16-07:22:51] Cosmic Console Environment 1.0 is starting...
[2022.01.16-07:22:51] ConfigurationProvider has finished.
[2022.01.16-07:22:51] LoggingProvider has finished.
[2022.01.16-07:22:51] ErrorHandlingProvider has finished.
[2022.01.16-07:22:51] Cosmic Console Environment 1.0 is ready...
[2022.01.16-07:23:27] Cosmic Console Environment 1.0 is starting...
[2022.01.16-07:23:27] ConfigurationProvider has finished.
[2022.01.16-07:23:27] LoggingProvider has finished.
[2022.01.16-07:23:27] ErrorHandlingProvider has finished.
[2022.01.16-07:23:27] Cosmic Console Environment 1.0 is ready...
[2022.01.16-07:23:56] ConfigurationProvider has finished.
[2022.01.16-07:23:56] LoggingProvider has finished.
[2022.01.16-07:23:56] ErrorHandlingProvider has finished.
[2022.01.16-07:23:57] ConfigurationProvider has finished.
[2022.01.16-07:23:57] LoggingProvider has finished.
[2022.01.16-07:23:57] ErrorHandlingProvider has finished.
[2022.01.16-07:40:37] ConfigurationProvider has finished.
[2022.01.16-07:40:37] LoggingProvider has finished.
[2022.01.16-07:40:37] ErrorHandlingProvider has finished.
[2022.01.16-07:40:37] ConfigurationProvider has finished.
[2022.01.16-07:40:37] LoggingProvider has finished.
[2022.01.16-07:40:37] ErrorHandlingProvider has finished.
[2022.01.16-07:41:20] ConfigurationProvider has finished.
[2022.01.16-07:41:20] LoggingProvider has finished.
[2022.01.16-07:41:20] ErrorHandlingProvider has finished.
[2022.01.16-07:41:36] ConfigurationProvider has finished.
[2022.01.16-07:41:36] LoggingProvider has finished.
[2022.01.16-07:41:36] ErrorHandlingProvider has finished.
[2022.01.16-07:42:49] ConfigurationProvider has finished.
[2022.01.16-07:42:49] LoggingProvider has finished.
[2022.01.16-07:42:49] ErrorHandlingProvider has finished.
[2022.01.16-07:42:57] ConfigurationProvider has finished.
[2022.01.16-07:42:57] LoggingProvider has finished.
[2022.01.16-07:42:57] ErrorHandlingProvider has finished.
[2022.01.16-07:44:38] ConfigurationProvider has finished.
[2022.01.16-07:44:38] LoggingProvider has finished.
[2022.01.16-07:44:38] ErrorHandlingProvider has finished.
[2022.01.16-07:44:52] ConfigurationProvider has finished.
[2022.01.16-07:44:52] LoggingProvider has finished.
[2022.01.16-07:44:52] ErrorHandlingProvider has finished.
[2022.01.16-07:45:28] ConfigurationProvider has finished.
[2022.01.16-07:45:28] LoggingProvider has finished.
[2022.01.16-07:45:28] ErrorHandlingProvider has finished.
[2022.01.16-07:45:31] ConfigurationProvider has finished.
[2022.01.16-07:45:31] LoggingProvider has finished.
[2022.01.16-07:45:31] ErrorHandlingProvider has finished.
[2022.01.16-07:45:56] ConfigurationProvider has finished.
[2022.01.16-07:45:56] LoggingProvider has finished.
[2022.01.16-07:45:56] ErrorHandlingProvider has finished.
[2022.01.16-07:45:57] ConfigurationProvider has finished.
[2022.01.16-07:45:57] LoggingProvider has finished.
[2022.01.16-07:45:57] ErrorHandlingProvider has finished.
[2022.01.16-07:45:59] ConfigurationProvider has finished.
[2022.01.16-07:45:59] LoggingProvider has finished.
[2022.01.16-07:45:59] ErrorHandlingProvider has finished.
[2022.01.16-07:45:59] ConfigurationProvider has finished.
[2022.01.16-07:45:59] LoggingProvider has finished.
[2022.01.16-07:45:59] ErrorHandlingProvider has finished.
[2022.01.16-07:47:46] ConfigurationProvider has finished.
[2022.01.16-07:47:46] LoggingProvider has finished.
[2022.01.16-07:47:46] ErrorHandlingProvider has finished.
[2022.01.16-07:47:46] ConfigurationProvider has finished.
[2022.01.16-07:47:46] LoggingProvider has finished.
[2022.01.16-07:47:46] ErrorHandlingProvider has finished.
[2022.01.16-07:48:10] ConfigurationProvider has finished.
[2022.01.16-07:48:10] LoggingProvider has finished.
[2022.01.16-07:48:10] ErrorHandlingProvider has finished.
[2022.01.16-07:48:11] ConfigurationProvider has finished.
[2022.01.16-07:48:11] LoggingProvider has finished.
[2022.01.16-07:48:11] ErrorHandlingProvider has finished.
[2022.01.16-07:48:17] ConfigurationProvider has finished.
[2022.01.16-07:48:17] LoggingProvider has finished.
[2022.01.16-07:48:17] ErrorHandlingProvider has finished.
[2022.01.16-07:48:18] ConfigurationProvider has finished.
[2022.01.16-07:48:18] LoggingProvider has finished.
[2022.01.16-07:48:18] ErrorHandlingProvider has finished.
[2022.01.16-07:48:24] ConfigurationProvider has finished.
[2022.01.16-07:48:24] LoggingProvider has finished.
[2022.01.16-07:48:24] ErrorHandlingProvider has finished.
[2022.01.16-07:48:24] ConfigurationProvider has finished.
[2022.01.16-07:48:24] LoggingProvider has finished.
[2022.01.16-07:48:24] ErrorHandlingProvider has finished.
[2022.01.16-07:49:55] ConfigurationProvider has finished.
[2022.01.16-07:49:55] LoggingProvider has finished.
[2022.01.16-07:49:55] ErrorHandlingProvider has finished.
[2022.01.16-07:49:56] ConfigurationProvider has finished.
[2022.01.16-07:49:56] LoggingProvider has finished.
[2022.01.16-07:49:56] ErrorHandlingProvider has finished.
[2022.01.16-07:49:57] ConfigurationProvider has finished.
[2022.01.16-07:49:57] LoggingProvider has finished.
[2022.01.16-07:49:57] ErrorHandlingProvider has finished.
[2022.01.16-07:49:58] ConfigurationProvider has finished.
[2022.01.16-07:49:58] LoggingProvider has finished.
[2022.01.16-07:49:58] ErrorHandlingProvider has finished.
[2022.01.16-07:50:13] ConfigurationProvider has finished.
[2022.01.16-07:50:13] LoggingProvider has finished.
[2022.01.16-07:50:14] ErrorHandlingProvider has finished.
[2022.01.16-07:50:14] ConfigurationProvider has finished.
[2022.01.16-07:50:14] LoggingProvider has finished.
[2022.01.16-07:50:14] ErrorHandlingProvider has finished.
[2022.01.16-07:52:22] ConfigurationProvider has finished.
[2022.01.16-07:52:22] LoggingProvider has finished.
[2022.01.16-07:52:22] ErrorHandlingProvider has finished.
[2022.01.16-07:52:25] ConfigurationProvider has finished.
[2022.01.16-07:52:25] LoggingProvider has finished.
[2022.01.16-07:52:25] ErrorHandlingProvider has finished.
[2022.01.16-07:52:29] ConfigurationProvider has finished.
[2022.01.16-07:52:29] LoggingProvider has finished.
[2022.01.16-07:52:29] ErrorHandlingProvider has finished.
[2022.01.16-07:52:38] ConfigurationProvider has finished.
[2022.01.16-07:52:38] LoggingProvider has finished.
[2022.01.16-07:52:38] ErrorHandlingProvider has finished.
[2022.01.16-07:53:47] ConfigurationProvider has finished.
[2022.01.16-07:53:47] LoggingProvider has finished.
[2022.01.16-07:53:47] ErrorHandlingProvider has finished.
[2022.01.16-07:54:36] ConfigurationProvider has finished.
[2022.01.16-07:54:36] LoggingProvider has finished.
[2022.01.16-07:54:36] ErrorHandlingProvider has finished.
[2022.01.16-07:54:37] ConfigurationProvider has finished.
[2022.01.16-07:54:37] LoggingProvider has finished.
[2022.01.16-07:54:37] ErrorHandlingProvider has finished.
[2022.01.16-07:55:01] ConfigurationProvider has finished.
[2022.01.16-07:55:01] LoggingProvider has finished.
[2022.01.16-07:55:01] ErrorHandlingProvider has finished.
[2022.01.16-07:55:03] ConfigurationProvider has finished.
[2022.01.16-07:55:03] LoggingProvider has finished.
[2022.01.16-07:55:03] ErrorHandlingProvider has finished.
[2022.01.16-07:55:03] ConfigurationProvider has finished.
[2022.01.16-07:55:03] LoggingProvider has finished.
[2022.01.16-07:55:03] ErrorHandlingProvider has finished.
[2022.01.16-07:55:04] ConfigurationProvider has finished.
[2022.01.16-07:55:04] LoggingProvider has finished.
[2022.01.16-07:55:04] ErrorHandlingProvider has finished.
[2022.01.16-07:55:04] ConfigurationProvider has finished.
[2022.01.16-07:55:04] LoggingProvider has finished.
[2022.01.16-07:55:04] ErrorHandlingProvider has finished.
[2022.01.16-07:56:07] ConfigurationProvider has finished.
[2022.01.16-07:56:07] LoggingProvider has finished.
[2022.01.16-07:56:07] ErrorHandlingProvider has finished.
[2022.01.16-07:56:08] ConfigurationProvider has finished.
[2022.01.16-07:56:08] LoggingProvider has finished.
[2022.01.16-07:56:08] ErrorHandlingProvider has finished.
[2022.01.16-07:56:42] ConfigurationProvider has finished.
[2022.01.16-07:56:42] LoggingProvider has finished.
[2022.01.16-07:56:42] ErrorHandlingProvider has finished.
[2022.01.16-07:56:43] ConfigurationProvider has finished.
[2022.01.16-07:56:43] LoggingProvider has finished.
[2022.01.16-07:56:43] ErrorHandlingProvider has finished.
[2022.01.16-07:56:50] ConfigurationProvider has finished.
[2022.01.16-07:56:50] LoggingProvider has finished.
[2022.01.16-07:56:50] ErrorHandlingProvider has finished.
[2022.01.16-07:56:51] ConfigurationProvider has finished.
[2022.01.16-07:56:51] LoggingProvider has finished.
[2022.01.16-07:56:51] ErrorHandlingProvider has finished.
[2022.01.16-07:57:04] ConfigurationProvider has finished.
[2022.01.16-07:57:04] LoggingProvider has finished.
[2022.01.16-07:57:04] ErrorHandlingProvider has finished.
[2022.01.16-07:57:04] ConfigurationProvider has finished.
[2022.01.16-07:57:04] LoggingProvider has finished.
[2022.01.16-07:57:04] ErrorHandlingProvider has finished.
[2022.01.16-07:57:58] ConfigurationProvider has finished.
[2022.01.16-07:57:58] LoggingProvider has finished.
[2022.01.16-07:57:58] ErrorHandlingProvider has finished.
[2022.01.16-07:57:59] ConfigurationProvider has finished.
[2022.01.16-07:57:59] LoggingProvider has finished.
[2022.01.16-07:57:59] ErrorHandlingProvider has finished.
[2022.01.16-08:02:04] ConfigurationProvider has finished.
[2022.01.16-08:02:04] LoggingProvider has finished.
[2022.01.16-08:02:04] ErrorHandlingProvider has finished.
[2022.01.16-08:02:05] ConfigurationProvider has finished.
[2022.01.16-08:02:05] LoggingProvider has finished.
[2022.01.16-08:02:05] ErrorHandlingProvider has finished.
[2022.01.16-08:02:32] ConfigurationProvider has finished.
[2022.01.16-08:02:32] LoggingProvider has finished.
[2022.01.16-08:02:32] ErrorHandlingProvider has finished.
[2022.01.16-08:02:32] ConfigurationProvider has finished.
[2022.01.16-08:02:32] LoggingProvider has finished.
[2022.01.16-08:02:32] ErrorHandlingProvider has finished.
